Forge Auto Renaming Tool v2.0.4
lib: /mnt/DATA/MCreatorWorkspaces/k7a2fools/build/moddev/artifacts/forge-1.20.1-47.4.0.jar
lib: /home/masterlegendpvp/.mcreator/gradle/caches/modules-2/files-2.1/cpw.mods/securejarhandler/2.1.10/51e6a22c6c716beb11e244bf5b8be480f51dd6b5/securejarhandler-2.1.10.jar
lib: /home/masterlegendpvp/.mcreator/gradle/caches/modules-2/files-2.1/net.minecraftforge/fmlloader/1.20.1-47.4.0/350292a3c597f65d130e48b6e419a2b21cba2ac1/fmlloader-1.20.1-47.4.0.jar
lib: /home/masterlegendpvp/.mcreator/gradle/caches/modules-2/files-2.1/net.minecraftforge/coremods/5.2.4/e30bab269d896613e38396274711410b3a0e4b87/coremods-5.2.4.jar
lib: /home/masterlegendpvp/.mcreator/gradle/caches/modules-2/files-2.1/cpw.mods/modlauncher/10.0.9/6d9443f56f50bb85cea383686ff9c867391458b/modlauncher-10.0.9.jar
lib: /home/masterlegendpvp/.mcreator/gradle/caches/modules-2/files-2.1/org.openjdk.nashorn/nashorn-core/15.4/f67f5ffaa5f5130cf6fb9b133da00c7df3b532a5/nashorn-core-15.4.jar
lib: /home/masterlegendpvp/.mcreator/gradle/caches/modules-2/files-2.1/org.ow2.asm/asm-commons/9.7.1/406c6a2225cfe1819f102a161e54cc16a5c24f75/asm-commons-9.7.1.jar
lib: /home/masterlegendpvp/.mcreator/gradle/caches/modules-2/files-2.1/org.ow2.asm/asm-util/9.7.1/9e23359b598ec6b74b23e53110dd5c577adf2243/asm-util-9.7.1.jar
lib: /home/masterlegendpvp/.mcreator/gradle/caches/modules-2/files-2.1/org.ow2.asm/asm-analysis/9.7.1/f97a3b319f0ed6a8cd944dc79060d3912a28985f/asm-analysis-9.7.1.jar
lib: /home/masterlegendpvp/.mcreator/gradle/caches/modules-2/files-2.1/org.ow2.asm/asm-tree/9.7.1/3a53139787663b139de76b627fca0084ab60d32c/asm-tree-9.7.1.jar
lib: /home/masterlegendpvp/.mcreator/gradle/caches/modules-2/files-2.1/org.ow2.asm/asm/9.7.1/f0ed132a49244b042cd0e15702ab9f2ce3cc8436/asm-9.7.1.jar
lib: /home/masterlegendpvp/.mcreator/gradle/caches/modules-2/files-2.1/net.minecraftforge/accesstransformers/8.0.4/272d240aa73f42195b2a68e2ebd8b701ecf41f63/accesstransformers-8.0.4.jar
lib: /home/masterlegendpvp/.mcreator/gradle/caches/modules-2/files-2.1/org.antlr/antlr4/4.9.1/e92af8ab33e428461927b484e90bb155a4f3a052/antlr4-4.9.1.jar
lib: /home/masterlegendpvp/.mcreator/gradle/caches/modules-2/files-2.1/org.antlr/antlr4-runtime/4.9.1/428664f05d2b7f7b7610204b5aa7c1763f62011a/antlr4-runtime-4.9.1.jar
lib: /home/masterlegendpvp/.mcreator/gradle/caches/modules-2/files-2.1/net.minecraftforge/fmlcore/1.20.1-47.4.0/235975dafa4309945b59c56b53f31dc5b65a6051/fmlcore-1.20.1-47.4.0.jar
lib: /home/masterlegendpvp/.mcreator/gradle/caches/modules-2/files-2.1/net.minecraftforge/eventbus/6.0.5/699143dd438431d06b57416944f7cedbe52e1475/eventbus-6.0.5.jar
lib: /home/masterlegendpvp/.mcreator/gradle/caches/modules-2/files-2.1/net.minecraftforge/forgespi/7.0.1/3b4972a0cdb135853dba219be61a79b22cff1309/forgespi-7.0.1.jar
lib: /home/masterlegendpvp/.mcreator/gradle/caches/modules-2/files-2.1/net.minecraftforge/unsafe/0.2.0/54d7a0a5e8fdb71b973025caa46f341ae5904f39/unsafe-0.2.0.jar
lib: /home/masterlegendpvp/.mcreator/gradle/caches/modules-2/files-2.1/net.minecraftforge/mergetool/1.1.5/e31dad26696043b540681aabc93e2001a1a2cd44/mergetool-1.1.5.jar
lib: /home/masterlegendpvp/.mcreator/gradle/caches/modules-2/files-2.1/net.minecraftforge/mergetool/1.1.5/f3da18e12c696d35a47c82cbb2cc8b5aa15e1154/mergetool-1.1.5-api.jar
lib: /home/masterlegendpvp/.mcreator/gradle/caches/modules-2/files-2.1/com.electronwill.night-config/toml/3.6.4/51d6cefb2b55ee55ee26b16391212fb2c7dfb4f4/toml-3.6.4.jar
lib: /home/masterlegendpvp/.mcreator/gradle/caches/modules-2/files-2.1/com.electronwill.night-config/core/3.6.4/510f174abbf1c947494db50ef2445683bd52c230/core-3.6.4.jar
lib: /home/masterlegendpvp/.mcreator/gradle/caches/modules-2/files-2.1/net.minecraftforge/JarJarSelector/0.3.19/376cc9c8ea60720cf027c01fc033de915699801c/JarJarSelector-0.3.19.jar
lib: /home/masterlegendpvp/.mcreator/gradle/caches/modules-2/files-2.1/net.minecraftforge/JarJarMetadata/0.3.19/83feaa9b770e6ac0e96ee4fc23fa89325c5fe2/JarJarMetadata-0.3.19.jar
lib: /home/masterlegendpvp/.mcreator/gradle/caches/modules-2/files-2.1/org.apache.maven/maven-artifact/3.8.5/4433f50c07debefaed0553bd0068f4f48d449313/maven-artifact-3.8.5.jar
lib: /home/masterlegendpvp/.mcreator/gradle/caches/modules-2/files-2.1/net.jodah/typetools/0.6.3/a01aaa6ddaea9ec07ec4f209487b7a46a526283a/typetools-0.6.3.jar
lib: /home/masterlegendpvp/.mcreator/gradle/caches/modules-2/files-2.1/net.minecrell/terminalconsoleappender/1.2.0/96d02cd3b384ff015a8fef4223bcb4ccf1717c95/terminalconsoleappender-1.2.0.jar
lib: /home/masterlegendpvp/.mcreator/gradle/caches/modules-2/files-2.1/org.jline/jline-reader/3.12.1/4382ab1382c7b6f379377ed5f665dc2f6e1218bc/jline-reader-3.12.1.jar
lib: /home/masterlegendpvp/.mcreator/gradle/caches/modules-2/files-2.1/org.jline/jline-terminal/3.12.1/c777448314e050d980a6b697c140f3bfe9eb7416/jline-terminal-3.12.1.jar
lib: /home/masterlegendpvp/.mcreator/gradle/caches/modules-2/files-2.1/org.spongepowered/mixin/0.8.5/9d1c0c3a304ae6697ecd477218fa61b850bf57fc/mixin-0.8.5.jar
lib: /home/masterlegendpvp/.mcreator/gradle/caches/modules-2/files-2.1/cpw.mods/bootstraplauncher/1.1.2/c546e00443d8432cda6baa1c860346980742628/bootstraplauncher-1.1.2.jar
lib: /home/masterlegendpvp/.mcreator/gradle/caches/modules-2/files-2.1/net.minecraftforge/JarJarFileSystems/0.3.19/2464eb7d6b9ddb9db36a82cf8a95193e5c6fe020/JarJarFileSystems-0.3.19.jar
lib: /home/masterlegendpvp/.mcreator/gradle/caches/modules-2/files-2.1/net.minecraftforge/fmlearlydisplay/1.20.1-47.4.0/5a0c2d1a65a422bd0e64548e58b70f4d011ef788/fmlearlydisplay-1.20.1-47.4.0.jar
lib: /home/masterlegendpvp/.mcreator/gradle/caches/modules-2/files-2.1/net.minecraftforge/javafmllanguage/1.20.1-47.4.0/f0c0b352173d0a378cbdcec9cfc4ba65899a721/javafmllanguage-1.20.1-47.4.0.jar
lib: /home/masterlegendpvp/.mcreator/gradle/caches/modules-2/files-2.1/net.minecraftforge/lowcodelanguage/1.20.1-47.4.0/e862740d8c84d08dbfedea412bef88fe42e727c5/lowcodelanguage-1.20.1-47.4.0.jar
lib: /home/masterlegendpvp/.mcreator/gradle/caches/modules-2/files-2.1/net.minecraftforge/mclanguage/1.20.1-47.4.0/5719b3a297a33f877ed5dde4cb4bd75c859096af/mclanguage-1.20.1-47.4.0.jar
lib: /home/masterlegendpvp/.mcreator/gradle/caches/modules-2/resources-2.1/38/c7d29380ddb38becad7c0819b5b325e43bca23f0/mcp_config-1.20.1.zip
lib: /home/masterlegendpvp/.mcreator/gradle/caches/modules-2/files-2.1/org.codehaus.plexus/plexus-utils/3.3.0/cf43b5391de623b36fe066a21127baef82c64022/plexus-utils-3.3.0.jar
lib: /home/masterlegendpvp/.mcreator/gradle/caches/modules-2/files-2.1/org.apache.commons/commons-lang3/3.12.0/c6842c86792ff03b9f1d1fe2aab8dc23aa6c6f0e/commons-lang3-3.12.0.jar
lib: /home/masterlegendpvp/.mcreator/gradle/caches/modules-2/files-2.1/org.apache.logging.log4j/log4j-core/2.8.1/4ac28ff2f1ddf05dae3043a190451e8c46b73c31/log4j-core-2.8.1.jar
lib: /home/masterlegendpvp/.mcreator/gradle/caches/modules-2/files-2.1/com.google.code.gson/gson/2.10/dd9b193aef96e973d5a11ab13cd17430c2e4306b/gson-2.10.jar
lib: /home/masterlegendpvp/.mcreator/gradle/caches/modules-2/files-2.1/com.google.guava/guava/31.1-jre/60458f877d055d0c9114d9e1a2efb737b4bc282c/guava-31.1-jre.jar
lib: /home/masterlegendpvp/.mcreator/gradle/caches/modules-2/files-2.1/com.machinezoo.noexception/noexception/1.7.1/b65330c98e38a1f915fa54a6e5eca496505e3f0a/noexception-1.7.1.jar
lib: /home/masterlegendpvp/.mcreator/gradle/caches/modules-2/files-2.1/org.slf4j/slf4j-api/1.8.0-beta4/83b0359d847ee053d745be7ec0d8e9e8a44304b4/slf4j-api-1.8.0-beta4.jar
lib: /home/masterlegendpvp/.mcreator/gradle/caches/modules-2/files-2.1/org.apache.logging.log4j/log4j-api/2.19.0/ea1b37f38c327596b216542bc636cfdc0b8036fa/log4j-api-2.19.0.jar
lib: /home/masterlegendpvp/.mcreator/gradle/caches/modules-2/files-2.1/com.mojang/logging/1.1.1/832b8e6674a9b325a5175a3a6267dfaf34c85139/logging-1.1.1.jar
lib: /home/masterlegendpvp/.mcreator/gradle/caches/modules-2/files-2.1/com.github.oshi/oshi-core/6.2.2/54f5efc19bca95d709d9a37d19ffcbba3d21c1a6/oshi-core-6.2.2.jar
lib: /home/masterlegendpvp/.mcreator/gradle/caches/modules-2/files-2.1/com.google.guava/failureaccess/1.0.1/1dcf1de382a0bf95a3d8b0849546c88bac1292c9/failureaccess-1.0.1.jar
lib: /home/masterlegendpvp/.mcreator/gradle/caches/modules-2/files-2.1/com.ibm.icu/icu4j/61.1/28d33b5e44e72edcc66a5da7a34a42147f38d987/icu4j-61.1.jar
lib: /home/masterlegendpvp/.mcreator/gradle/caches/modules-2/files-2.1/com.mojang/authlib/4.0.43/2ff9d747a77570a07a60d32ac77eb6162ad2a2d9/authlib-4.0.43.jar
lib: /home/masterlegendpvp/.mcreator/gradle/caches/modules-2/files-2.1/com.mojang/blocklist/1.0.10/5c685c5ffa94c4cd39496c7184c1d122e515ecef/blocklist-1.0.10.jar
lib: /home/masterlegendpvp/.mcreator/gradle/caches/modules-2/files-2.1/com.mojang/brigadier/1.1.8/5244ce82c3337bba4a196a3ce858bfaecc74404a/brigadier-1.1.8.jar
lib: /home/masterlegendpvp/.mcreator/gradle/caches/modules-2/files-2.1/com.mojang/datafixerupper/6.0.8/3ba4a30557a9b057760af4011f909ba619fc5125/datafixerupper-6.0.8.jar
lib: /home/masterlegendpvp/.mcreator/gradle/caches/modules-2/files-2.1/com.mojang/patchy/2.2.10/da05971b07cbb379d002cf7eaec6a2048211fefc/patchy-2.2.10.jar
lib: /home/masterlegendpvp/.mcreator/gradle/caches/modules-2/files-2.1/com.mojang/text2speech/1.17.9/3cad216e3a7f0c19b4b394388bc9ffc446f13b14/text2speech-1.17.9.jar
lib: /home/masterlegendpvp/.mcreator/gradle/caches/modules-2/files-2.1/commons-codec/commons-codec/1.15/49d94806b6e3dc933dacbd8acb0fdbab8ebd1e5d/commons-codec-1.15.jar
lib: /home/masterlegendpvp/.mcreator/gradle/caches/modules-2/files-2.1/commons-io/commons-io/2.11.0/a2503f302b11ebde7ebc3df41daebe0e4eea3689/commons-io-2.11.0.jar
lib: /home/masterlegendpvp/.mcreator/gradle/caches/modules-2/files-2.1/commons-logging/commons-logging/1.2/4bfc12adfe4842bf07b657f0369c4cb522955686/commons-logging-1.2.jar
lib: /home/masterlegendpvp/.mcreator/gradle/caches/modules-2/files-2.1/io.netty/netty-buffer/4.1.82.Final/a544270cf1ae8b8077082f5036436a9a9971ea71/netty-buffer-4.1.82.Final.jar
lib: /home/masterlegendpvp/.mcreator/gradle/caches/modules-2/files-2.1/io.netty/netty-codec/4.1.82.Final/b77200379acb345a9ffdece1c605e591ac3e4e0a/netty-codec-4.1.82.Final.jar
lib: /home/masterlegendpvp/.mcreator/gradle/caches/modules-2/files-2.1/io.netty/netty-common/4.1.82.Final/22d148e85c3f5ebdacc0ce1f5aabb1d420f73f3/netty-common-4.1.82.Final.jar
lib: /home/masterlegendpvp/.mcreator/gradle/caches/modules-2/files-2.1/io.netty/netty-handler/4.1.82.Final/644041d1fa96a5d3130a29e8978630d716d76e38/netty-handler-4.1.82.Final.jar
lib: /home/masterlegendpvp/.mcreator/gradle/caches/modules-2/files-2.1/io.netty/netty-resolver/4.1.82.Final/38f665ae8dcd29032eea31245ba7806bed2e0fa8/netty-resolver-4.1.82.Final.jar
lib: /home/masterlegendpvp/.mcreator/gradle/caches/modules-2/files-2.1/io.netty/netty-transport-classes-epoll/4.1.82.Final/e7c7dd18deac93105797f30057c912651ea76521/netty-transport-classes-epoll-4.1.82.Final.jar
lib: /home/masterlegendpvp/.mcreator/gradle/caches/modules-2/files-2.1/io.netty/netty-transport-native-unix-common/4.1.82.Final/3e895b35ca1b8a0eca56cacff4c2dde5d2c6abce/netty-transport-native-unix-common-4.1.82.Final.jar
lib: /home/masterlegendpvp/.mcreator/gradle/caches/modules-2/files-2.1/io.netty/netty-transport/4.1.82.Final/e431a218d91acb6476ccad5f5aafde50aa3945ca/netty-transport-4.1.82.Final.jar
lib: /home/masterlegendpvp/.mcreator/gradle/caches/modules-2/files-2.1/it.unimi.dsi/fastutil/8.5.9/bb7ea75ecdb216654237830b3a96d87ad91f8cc5/fastutil-8.5.9.jar
lib: /home/masterlegendpvp/.mcreator/gradle/caches/modules-2/files-2.1/net.java.dev.jna/jna-platform/5.12.1/97406a297c852f4a41e688a176ec675f72e8329/jna-platform-5.12.1.jar
lib: /home/masterlegendpvp/.mcreator/gradle/caches/modules-2/files-2.1/net.java.dev.jna/jna/5.12.1/b1e93a735caea94f503e95e6fe79bf9cdc1e985d/jna-5.12.1.jar
lib: /home/masterlegendpvp/.mcreator/gradle/caches/modules-2/files-2.1/net.sf.jopt-simple/jopt-simple/5.0.4/4fdac2fbe92dfad86aa6e9301736f6b4342a3f5c/jopt-simple-5.0.4.jar
lib: /home/masterlegendpvp/.mcreator/gradle/caches/modules-2/files-2.1/org.apache.commons/commons-compress/1.21/4ec95b60d4e86b5c95a0e919cb172a0af98011ef/commons-compress-1.21.jar
lib: /home/masterlegendpvp/.mcreator/gradle/caches/modules-2/files-2.1/org.apache.httpcomponents/httpclient/4.5.13/e5f6cae5ca7ecaac1ec2827a9e2d65ae2869cada/httpclient-4.5.13.jar
lib: /home/masterlegendpvp/.mcreator/gradle/caches/modules-2/files-2.1/org.apache.httpcomponents/httpcore/4.4.15/7f2e0c573eaa7a74bac2e89b359e1f73d92a0a1d/httpcore-4.4.15.jar
lib: /home/masterlegendpvp/.mcreator/gradle/caches/modules-2/files-2.1/org.apache.logging.log4j/log4j-slf4j2-impl/2.19.0/5c04bfdd63ce9dceb2e284b81e96b6a70010ee10/log4j-slf4j2-impl-2.19.0.jar
lib: /home/masterlegendpvp/.mcreator/gradle/caches/modules-2/files-2.1/org.joml/joml/1.10.5/22566d58af70ad3d72308bab63b8339906deb649/joml-1.10.5.jar
lib: /home/masterlegendpvp/.mcreator/gradle/caches/modules-2/files-2.1/org.lwjgl/lwjgl-glfw/3.3.1/cbac1b8d30cb4795149c1ef540f912671a8616d0/lwjgl-glfw-3.3.1.jar
lib: /home/masterlegendpvp/.mcreator/gradle/caches/modules-2/files-2.1/org.lwjgl/lwjgl-jemalloc/3.3.1/a817bcf213db49f710603677457567c37d53e103/lwjgl-jemalloc-3.3.1.jar
lib: /home/masterlegendpvp/.mcreator/gradle/caches/modules-2/files-2.1/org.lwjgl/lwjgl-openal/3.3.1/2623a6b8ae1dfcd880738656a9f0243d2e6840bd/lwjgl-openal-3.3.1.jar
lib: /home/masterlegendpvp/.mcreator/gradle/caches/modules-2/files-2.1/org.lwjgl/lwjgl-opengl/3.3.1/831a5533a21a5f4f81bbc51bb13e9899319b5411/lwjgl-opengl-3.3.1.jar
lib: /home/masterlegendpvp/.mcreator/gradle/caches/modules-2/files-2.1/org.lwjgl/lwjgl-stb/3.3.1/b119297cf8ed01f247abe8685857f8e7fcf5980f/lwjgl-stb-3.3.1.jar
lib: /home/masterlegendpvp/.mcreator/gradle/caches/modules-2/files-2.1/org.lwjgl/lwjgl-tinyfd/3.3.1/ff1914111ef2e3e0110ef2dabc8d8cdaad82347/lwjgl-tinyfd-3.3.1.jar
lib: /home/masterlegendpvp/.mcreator/gradle/caches/modules-2/files-2.1/org.lwjgl/lwjgl/3.3.1/ae58664f88e18a9bb2c77b063833ca7aaec484cb/lwjgl-3.3.1.jar
lib: /home/masterlegendpvp/.mcreator/gradle/caches/modules-2/files-2.1/ca.weblite/java-objc-bridge/1.1/1227f9e0666314f9de41477e3ec277e542ed7f7b/java-objc-bridge-1.1.jar
lib: /home/masterlegendpvp/.mcreator/gradle/caches/modules-2/files-2.1/org.antlr/ST4/4.3/92f2c1ad8d84abcbeead6cf7f2c53a04166293c2/ST4-4.3.jar
lib: /home/masterlegendpvp/.mcreator/gradle/caches/modules-2/files-2.1/org.antlr/antlr-runtime/3.5.2/cd9cd41361c155f3af0f653009dcecb08d8b4afd/antlr-runtime-3.5.2.jar
lib: /home/masterlegendpvp/.mcreator/gradle/caches/modules-2/files-2.1/org.abego.treelayout/org.abego.treelayout.core/1.0.3/457216e8e6578099ae63667bb1e4439235892028/org.abego.treelayout.core-1.0.3.jar
lib: /home/masterlegendpvp/.mcreator/gradle/caches/modules-2/files-2.1/org.glassfish/javax.json/1.0.4/3178f73569fd7a1e5ffc464e680f7a8cc784b85a/javax.json-1.0.4.jar
lib: /home/masterlegendpvp/.mcreator/gradle/caches/modules-2/files-2.1/com.google.guava/listenablefuture/9999.0-empty-to-avoid-conflict-with-guava/b421526c5f297295adef1c886e5246c39d4ac629/listenablefuture-9999.0-empty-to-avoid-conflict-with-guava.jar
lib: /home/masterlegendpvp/.mcreator/gradle/caches/modules-2/files-2.1/com.google.code.findbugs/jsr305/3.0.2/25ea2e8b0c338a877313bd4672d3fe056ea78f0d/jsr305-3.0.2.jar
lib: /home/masterlegendpvp/.mcreator/gradle/caches/modules-2/files-2.1/org.checkerframework/checker-qual/3.12.0/d5692f0526415fcc6de94bb5bfbd3afd9dd3b3e5/checker-qual-3.12.0.jar
lib: /home/masterlegendpvp/.mcreator/gradle/caches/modules-2/files-2.1/com.google.errorprone/error_prone_annotations/2.11.0/c5a0ace696d3f8b1c1d8cc036d8c03cc0cbe6b69/error_prone_annotations-2.11.0.jar
lib: /home/masterlegendpvp/.mcreator/gradle/caches/modules-2/files-2.1/com.google.j2objc/j2objc-annotations/1.3/ba035118bc8bac37d7eff77700720999acd9986d/j2objc-annotations-1.3.jar
log: null
input: /mnt/DATA/MCreatorWorkspaces/k7a2fools/build/devlibs/modid-1.0.jar
output: /mnt/DATA/MCreatorWorkspaces/k7a2fools/build/libs/modid-1.0.jar
threads: 8
Names: /mnt/DATA/MCreatorWorkspaces/k7a2fools/build/moddev/artifacts/namedToIntermediate.tsrg(reversed: false)
Fix Annotations: false
Unfinal Parameters: false
Fix Records: false
Fix Identifiers: false
Fix SourceFile: false
Fix Line Numbers: false
Strip codesigning signatures: ALL
Adding Libraries to Inheritance
Reading Input: /mnt/DATA/MCreatorWorkspaces/k7a2fools/build/devlibs/modid-1.0.jar
Adding input to inheritance map
Processing entries
Conflicting propagated mapping for net/minecraftforge/fluids/ForgeFlowingFluid/getFlowing()Lnet/minecraft/world/level/material/Fluid; from net/minecraft/world/level/material/FlowingFluid/getFlowing()Lnet/minecraft/world/level/material/Fluid;: getFlowing -> m_5615_
Conflicting propagated mapping for net/minecraftforge/fluids/ForgeFlowingFluid/createLegacyBlock(Lnet/minecraft/world/level/material/FluidState;)Lnet/minecraft/world/level/block/state/BlockState; from net/minecraft/world/level/material/Fluid/createLegacyBlock(Lnet/minecraft/world/level/material/FluidState;)Lnet/minecraft/world/level/block/state/BlockState;: createLegacyBlock -> m_5804_
Conflicting propagated mapping for net/minecraftforge/fluids/ForgeFlowingFluid/getTickDelay(Lnet/minecraft/world/level/LevelReader;)I from net/minecraft/world/level/material/Fluid/getTickDelay(Lnet/minecraft/world/level/LevelReader;)I: getTickDelay -> m_6718_
Conflicting propagated mapping for net/minecraftforge/fluids/ForgeFlowingFluid/canConvertToSource(Lnet/minecraft/world/level/Level;)Z from net/minecraft/world/level/material/FlowingFluid/canConvertToSource(Lnet/minecraft/world/level/Level;)Z: canConvertToSource -> m_6760_
Conflicting propagated mapping for net/minecraftforge/fluids/ForgeFlowingFluid/isSame(Lnet/minecraft/world/level/material/Fluid;)Z from net/minecraft/world/level/material/Fluid/isSame(Lnet/minecraft/world/level/material/Fluid;)Z: isSame -> m_6212_
Conflicting propagated mapping for net/minecraftforge/event/BuildCreativeModeTabContentsEvent/accept(Lnet/minecraft/world/item/ItemStack;Lnet/minecraft/world/item/CreativeModeTab$TabVisibility;)V from net/minecraft/world/item/CreativeModeTab$Output/accept(Lnet/minecraft/world/item/ItemStack;Lnet/minecraft/world/item/CreativeModeTab$TabVisibility;)V: accept -> m_246267_
Conflicting propagated mapping for net/minecraftforge/fluids/ForgeFlowingFluid/getPickupSound()Ljava/util/Optional; from net/minecraft/world/level/material/Fluid/getPickupSound()Ljava/util/Optional;: getPickupSound -> m_142520_
Conflicting propagated mapping for net/minecraftforge/fluids/ForgeFlowingFluid/getSlopeFindDistance(Lnet/minecraft/world/level/LevelReader;)I from net/minecraft/world/level/material/FlowingFluid/getSlopeFindDistance(Lnet/minecraft/world/level/LevelReader;)I: getSlopeFindDistance -> m_6719_
Conflicting propagated mapping for net/minecraftforge/fluids/ForgeFlowingFluid/getExplosionResistance()F from net/minecraft/world/level/material/Fluid/getExplosionResistance()F: getExplosionResistance -> m_6752_
Conflicting propagated mapping for net/minecraftforge/fluids/ForgeFlowingFluid/getSource()Lnet/minecraft/world/level/material/Fluid; from net/minecraft/world/level/material/FlowingFluid/getSource()Lnet/minecraft/world/level/material/Fluid;: getSource -> m_5613_
Conflicting propagated mapping for net/minecraftforge/fluids/ForgeFlowingFluid/getDropOff(Lnet/minecraft/world/level/LevelReader;)I from net/minecraft/world/level/material/FlowingFluid/getDropOff(Lnet/minecraft/world/level/LevelReader;)I: getDropOff -> m_6713_
Conflicting propagated mapping for net/minecraftforge/fluids/ForgeFlowingFluid/beforeDestroyingBlock(Lnet/minecraft/world/level/LevelAccessor;Lnet/minecraft/core/BlockPos;Lnet/minecraft/world/level/block/state/BlockState;)V from net/minecraft/world/level/material/FlowingFluid/beforeDestroyingBlock(Lnet/minecraft/world/level/LevelAccessor;Lnet/minecraft/core/BlockPos;Lnet/minecraft/world/level/block/state/BlockState;)V: beforeDestroyingBlock -> m_7456_
Conflicting propagated mapping for net/minecraftforge/fluids/ForgeFlowingFluid/getBucket()Lnet/minecraft/world/item/Item; from net/minecraft/world/level/material/Fluid/getBucket()Lnet/minecraft/world/item/Item;: getBucket -> m_6859_
Conflicting propagated mapping for net/minecraftforge/fluids/ForgeFlowingFluid/canBeReplacedWith(Lnet/minecraft/world/level/material/FluidState;Lnet/minecraft/world/level/BlockGetter;Lnet/minecraft/core/BlockPos;Lnet/minecraft/world/level/material/Fluid;Lnet/minecraft/core/Direction;)Z from net/minecraft/world/level/material/Fluid/canBeReplacedWith(Lnet/minecraft/world/level/material/FluidState;Lnet/minecraft/world/level/BlockGetter;Lnet/minecraft/core/BlockPos;Lnet/minecraft/world/level/material/Fluid;Lnet/minecraft/core/Direction;)Z: canBeReplacedWith -> m_5486_
Conflicting propagated mapping for mc/dhp/foss/k7a2fools/fluid/THLFluidFluid$Flowing/getAmount(Lnet/minecraft/world/level/material/FluidState;)I from net/minecraft/world/level/material/FlowingFluid/getAmount(Lnet/minecraft/world/level/material/FluidState;)I: getAmount -> m_7430_
Conflicting propagated mapping for mc/dhp/foss/k7a2fools/fluid/THLFluidFluid$Flowing/createFluidStateDefinition(Lnet/minecraft/world/level/block/state/StateDefinition$Builder;)V from net/minecraft/world/level/material/FlowingFluid/createFluidStateDefinition(Lnet/minecraft/world/level/block/state/StateDefinition$Builder;)V: createFluidStateDefinition -> m_7180_
Conflicting propagated mapping for mc/dhp/foss/k7a2fools/fluid/THLFluidFluid$Flowing/isSource(Lnet/minecraft/world/level/material/FluidState;)Z from net/minecraft/world/level/material/Fluid/isSource(Lnet/minecraft/world/level/material/FluidState;)Z: isSource -> m_7444_
Conflicting propagated mapping for mc/dhp/foss/k7a2fools/fluid/THLFluidFluid$Source/getAmount(Lnet/minecraft/world/level/material/FluidState;)I from net/minecraft/world/level/material/FlowingFluid/getAmount(Lnet/minecraft/world/level/material/FluidState;)I: getAmount -> m_7430_
Conflicting propagated mapping for mc/dhp/foss/k7a2fools/fluid/THLFluidFluid$Source/isSource(Lnet/minecraft/world/level/material/FluidState;)Z from net/minecraft/world/level/material/Fluid/isSource(Lnet/minecraft/world/level/material/FluidState;)Z: isSource -> m_7444_
Conflicting propagated mapping for mc/dhp/foss/k7a2fools/world/inventory/CasioTeleportGUIMenu/stillValid(Lnet/minecraft/world/entity/player/Player;)Z from net/minecraft/world/inventory/AbstractContainerMenu/stillValid(Lnet/minecraft/world/entity/player/Player;)Z: stillValid -> m_6875_
Conflicting propagated mapping for mc/dhp/foss/k7a2fools/world/inventory/CasioTeleportGUIMenu/quickMoveStack(Lnet/minecraft/world/entity/player/Player;I)Lnet/minecraft/world/item/ItemStack; from net/minecraft/world/inventory/AbstractContainerMenu/quickMoveStack(Lnet/minecraft/world/entity/player/Player;I)Lnet/minecraft/world/item/ItemStack;: quickMoveStack -> m_7648_
Conflicting propagated mapping for mc/dhp/foss/k7a2fools/block/THLOreBlockBlock/getLightBlock(Lnet/minecraft/world/level/block/state/BlockState;Lnet/minecraft/world/level/BlockGetter;Lnet/minecraft/core/BlockPos;)I from net/minecraft/world/level/block/state/BlockBehaviour/getLightBlock(Lnet/minecraft/world/level/block/state/BlockState;Lnet/minecraft/world/level/BlockGetter;Lnet/minecraft/core/BlockPos;)I: getLightBlock -> m_7753_
Conflicting propagated mapping for net/minecraftforge/network/IContainerFactory/create(ILnet/minecraft/world/entity/player/Inventory;)Lnet/minecraft/world/inventory/AbstractContainerMenu; from net/minecraft/world/inventory/MenuType$MenuSupplier/create(ILnet/minecraft/world/entity/player/Inventory;)Lnet/minecraft/world/inventory/AbstractContainerMenu;: create -> m_39994_
Conflicting propagated mapping for mc/dhp/foss/k7a2fools/client/renderer/MoiBaoVeRenderer/getTextureLocation(Lnet/minecraft/world/entity/Entity;)Lnet/minecraft/resources/ResourceLocation; from net/minecraft/client/renderer/entity/EntityRenderer/getTextureLocation(Lnet/minecraft/world/entity/Entity;)Lnet/minecraft/resources/ResourceLocation;: getTextureLocation -> m_5478_
Conflicting propagated mapping for mc/dhp/foss/k7a2fools/client/renderer/TaiBaoVeRenderer/getTextureLocation(Lnet/minecraft/world/entity/Entity;)Lnet/minecraft/resources/ResourceLocation; from net/minecraft/client/renderer/entity/EntityRenderer/getTextureLocation(Lnet/minecraft/world/entity/Entity;)Lnet/minecraft/resources/ResourceLocation;: getTextureLocation -> m_5478_
Conflicting propagated mapping for mc/dhp/foss/k7a2fools/client/renderer/ThanhBaoVeRenderer/getTextureLocation(Lnet/minecraft/world/entity/Entity;)Lnet/minecraft/resources/ResourceLocation; from net/minecraft/client/renderer/entity/EntityRenderer/getTextureLocation(Lnet/minecraft/world/entity/Entity;)Lnet/minecraft/resources/ResourceLocation;: getTextureLocation -> m_5478_
Conflicting propagated mapping for mc/dhp/foss/k7a2fools/block/THLWoodButtonBlock/getLightBlock(Lnet/minecraft/world/level/block/state/BlockState;Lnet/minecraft/world/level/BlockGetter;Lnet/minecraft/core/BlockPos;)I from net/minecraft/world/level/block/state/BlockBehaviour/getLightBlock(Lnet/minecraft/world/level/block/state/BlockState;Lnet/minecraft/world/level/BlockGetter;Lnet/minecraft/core/BlockPos;)I: getLightBlock -> m_7753_
Conflicting propagated mapping for mc/dhp/foss/k7a2fools/client/renderer/NganBaoVeRenderer/getTextureLocation(Lnet/minecraft/world/entity/Entity;)Lnet/minecraft/resources/ResourceLocation; from net/minecraft/client/renderer/entity/EntityRenderer/getTextureLocation(Lnet/minecraft/world/entity/Entity;)Lnet/minecraft/resources/ResourceLocation;: getTextureLocation -> m_5478_
Conflicting propagated mapping for mc/dhp/foss/k7a2fools/client/renderer/BossTHLRenderer/getTextureLocation(Lnet/minecraft/world/entity/Entity;)Lnet/minecraft/resources/ResourceLocation; from net/minecraft/client/renderer/entity/EntityRenderer/getTextureLocation(Lnet/minecraft/world/entity/Entity;)Lnet/minecraft/resources/ResourceLocation;: getTextureLocation -> m_5478_
Conflicting propagated mapping for mc/dhp/foss/k7a2fools/block/THLPortalBlockBlock/getLightBlock(Lnet/minecraft/world/level/block/state/BlockState;Lnet/minecraft/world/level/BlockGetter;Lnet/minecraft/core/BlockPos;)I from net/minecraft/world/level/block/state/BlockBehaviour/getLightBlock(Lnet/minecraft/world/level/block/state/BlockState;Lnet/minecraft/world/level/BlockGetter;Lnet/minecraft/core/BlockPos;)I: getLightBlock -> m_7753_
Conflicting propagated mapping for mc/dhp/foss/k7a2fools/client/gui/CasioTeleportGUIScreen/keyPressed(III)Z from net/minecraft/client/gui/screens/inventory/AbstractContainerScreen/keyPressed(III)Z: keyPressed -> m_7933_
Conflicting propagated mapping for mc/dhp/foss/k7a2fools/block/THLWoodPressurePlateBlock/getLightBlock(Lnet/minecraft/world/level/block/state/BlockState;Lnet/minecraft/world/level/BlockGetter;Lnet/minecraft/core/BlockPos;)I from net/minecraft/world/level/block/state/BlockBehaviour/getLightBlock(Lnet/minecraft/world/level/block/state/BlockState;Lnet/minecraft/world/level/BlockGetter;Lnet/minecraft/core/BlockPos;)I: getLightBlock -> m_7753_
Conflicting propagated mapping for mc/dhp/foss/k7a2fools/client/gui/CasioTeleportGUIScreen/render(Lnet/minecraft/client/gui/GuiGraphics;IIF)V from net/minecraft/client/gui/screens/inventory/AbstractContainerScreen/render(Lnet/minecraft/client/gui/GuiGraphics;IIF)V: render -> m_88315_
Conflicting propagated mapping for mc/dhp/foss/k7a2fools/client/gui/CasioTeleportGUIScreen/init()V from net/minecraft/client/gui/screens/inventory/AbstractContainerScreen/init()V: init -> m_7856_
Conflicting propagated mapping for mc/dhp/foss/k7a2fools/client/gui/CasioTeleportGUIScreen/renderLabels(Lnet/minecraft/client/gui/GuiGraphics;II)V from net/minecraft/client/gui/screens/inventory/AbstractContainerScreen/renderLabels(Lnet/minecraft/client/gui/GuiGraphics;II)V: renderLabels -> m_280003_
Conflicting propagated mapping for mc/dhp/foss/k7a2fools/client/gui/CasioTeleportGUIScreen/containerTick()V from net/minecraft/client/gui/screens/inventory/AbstractContainerScreen/containerTick()V: containerTick -> m_181908_
Conflicting propagated mapping for mc/dhp/foss/k7a2fools/client/gui/CasioTeleportGUIScreen/renderBg(Lnet/minecraft/client/gui/GuiGraphics;FII)V from net/minecraft/client/gui/screens/inventory/AbstractContainerScreen/renderBg(Lnet/minecraft/client/gui/GuiGraphics;FII)V: renderBg -> m_7286_
Conflicting propagated mapping for net/minecraftforge/common/ForgeSpawnEggItem/getType(Lnet/minecraft/nbt/CompoundTag;)Lnet/minecraft/world/entity/EntityType; from net/minecraft/world/item/SpawnEggItem/getType(Lnet/minecraft/nbt/CompoundTag;)Lnet/minecraft/world/entity/EntityType;: getType -> m_43228_
Conflicting propagated mapping for mc/dhp/foss/k7a2fools/client/gui/CasioTeleportGUIScreen/resize(Lnet/minecraft/client/Minecraft;II)V from net/minecraft/client/gui/screens/Screen/resize(Lnet/minecraft/client/Minecraft;II)V: resize -> m_6574_
Conflicting propagated mapping for mc/dhp/foss/k7a2fools/item/CasioItem/use(Lnet/minecraft/world/level/Level;Lnet/minecraft/world/entity/player/Player;Lnet/minecraft/world/InteractionHand;)Lnet/minecraft/world/InteractionResultHolder; from net/minecraft/world/item/Item/use(Lnet/minecraft/world/level/Level;Lnet/minecraft/world/entity/player/Player;Lnet/minecraft/world/InteractionHand;)Lnet/minecraft/world/InteractionResultHolder;: use -> m_7203_
Conflicting propagated mapping for mc/dhp/foss/k7a2fools/block/THLWoodFenceGateBlock/getLightBlock(Lnet/minecraft/world/level/block/state/BlockState;Lnet/minecraft/world/level/BlockGetter;Lnet/minecraft/core/BlockPos;)I from net/minecraft/world/level/block/state/BlockBehaviour/getLightBlock(Lnet/minecraft/world/level/block/state/BlockState;Lnet/minecraft/world/level/BlockGetter;Lnet/minecraft/core/BlockPos;)I: getLightBlock -> m_7753_
Conflicting propagated mapping for mc/dhp/foss/k7a2fools/item/HammerItem/mineBlock(Lnet/minecraft/world/item/ItemStack;Lnet/minecraft/world/level/Level;Lnet/minecraft/world/level/block/state/BlockState;Lnet/minecraft/core/BlockPos;Lnet/minecraft/world/entity/LivingEntity;)Z from net/minecraft/world/item/DiggerItem/mineBlock(Lnet/minecraft/world/item/ItemStack;Lnet/minecraft/world/level/Level;Lnet/minecraft/world/level/block/state/BlockState;Lnet/minecraft/core/BlockPos;Lnet/minecraft/world/entity/LivingEntity;)Z: mineBlock -> m_6813_
Conflicting propagated mapping for mc/dhp/foss/k7a2fools/block/THLAgressiveBlockBlock/getLightBlock(Lnet/minecraft/world/level/block/state/BlockState;Lnet/minecraft/world/level/BlockGetter;Lnet/minecraft/core/BlockPos;)I from net/minecraft/world/level/block/state/BlockBehaviour/getLightBlock(Lnet/minecraft/world/level/block/state/BlockState;Lnet/minecraft/world/level/BlockGetter;Lnet/minecraft/core/BlockPos;)I: getLightBlock -> m_7753_
Conflicting propagated mapping for mc/dhp/foss/k7a2fools/block/THLAgressiveBlockBlock/canBeReplaced(Lnet/minecraft/world/level/block/state/BlockState;Lnet/minecraft/world/item/context/BlockPlaceContext;)Z from net/minecraft/world/level/block/state/BlockBehaviour/canBeReplaced(Lnet/minecraft/world/level/block/state/BlockState;Lnet/minecraft/world/item/context/BlockPlaceContext;)Z: canBeReplaced -> m_6864_
Conflicting propagated mapping for mc/dhp/foss/k7a2fools/block/THLWoodFenceBlock/getLightBlock(Lnet/minecraft/world/level/block/state/BlockState;Lnet/minecraft/world/level/BlockGetter;Lnet/minecraft/core/BlockPos;)I from net/minecraft/world/level/block/state/BlockBehaviour/getLightBlock(Lnet/minecraft/world/level/block/state/BlockState;Lnet/minecraft/world/level/BlockGetter;Lnet/minecraft/core/BlockPos;)I: getLightBlock -> m_7753_
Conflicting propagated mapping for mc/dhp/foss/k7a2fools/block/THLWoodSlabBlock/getLightBlock(Lnet/minecraft/world/level/block/state/BlockState;Lnet/minecraft/world/level/BlockGetter;Lnet/minecraft/core/BlockPos;)I from net/minecraft/world/level/block/state/BlockBehaviour/getLightBlock(Lnet/minecraft/world/level/block/state/BlockState;Lnet/minecraft/world/level/BlockGetter;Lnet/minecraft/core/BlockPos;)I: getLightBlock -> m_7753_
Conflicting propagated mapping for mc/dhp/foss/k7a2fools/block/THLWoodLogBlock/rotate(Lnet/minecraft/world/level/block/state/BlockState;Lnet/minecraft/world/level/block/Rotation;)Lnet/minecraft/world/level/block/state/BlockState; from net/minecraft/world/level/block/state/BlockBehaviour/rotate(Lnet/minecraft/world/level/block/state/BlockState;Lnet/minecraft/world/level/block/Rotation;)Lnet/minecraft/world/level/block/state/BlockState;: rotate -> m_6843_
Conflicting propagated mapping for mc/dhp/foss/k7a2fools/block/THLWoodLogBlock/getStateForPlacement(Lnet/minecraft/world/item/context/BlockPlaceContext;)Lnet/minecraft/world/level/block/state/BlockState; from net/minecraft/world/level/block/Block/getStateForPlacement(Lnet/minecraft/world/item/context/BlockPlaceContext;)Lnet/minecraft/world/level/block/state/BlockState;: getStateForPlacement -> m_5573_
Conflicting propagated mapping for mc/dhp/foss/k7a2fools/block/THLWoodLogBlock/getLightBlock(Lnet/minecraft/world/level/block/state/BlockState;Lnet/minecraft/world/level/BlockGetter;Lnet/minecraft/core/BlockPos;)I from net/minecraft/world/level/block/state/BlockBehaviour/getLightBlock(Lnet/minecraft/world/level/block/state/BlockState;Lnet/minecraft/world/level/BlockGetter;Lnet/minecraft/core/BlockPos;)I: getLightBlock -> m_7753_
Conflicting propagated mapping for mc/dhp/foss/k7a2fools/block/THLWoodLogBlock/createBlockStateDefinition(Lnet/minecraft/world/level/block/state/StateDefinition$Builder;)V from net/minecraft/world/level/block/Block/createBlockStateDefinition(Lnet/minecraft/world/level/block/state/StateDefinition$Builder;)V: createBlockStateDefinition -> m_7926_
Conflicting propagated mapping for mc/dhp/foss/k7a2fools/block/THLWoodWoodBlock/rotate(Lnet/minecraft/world/level/block/state/BlockState;Lnet/minecraft/world/level/block/Rotation;)Lnet/minecraft/world/level/block/state/BlockState; from net/minecraft/world/level/block/state/BlockBehaviour/rotate(Lnet/minecraft/world/level/block/state/BlockState;Lnet/minecraft/world/level/block/Rotation;)Lnet/minecraft/world/level/block/state/BlockState;: rotate -> m_6843_
Conflicting propagated mapping for mc/dhp/foss/k7a2fools/block/THLWoodWoodBlock/getStateForPlacement(Lnet/minecraft/world/item/context/BlockPlaceContext;)Lnet/minecraft/world/level/block/state/BlockState; from net/minecraft/world/level/block/Block/getStateForPlacement(Lnet/minecraft/world/item/context/BlockPlaceContext;)Lnet/minecraft/world/level/block/state/BlockState;: getStateForPlacement -> m_5573_
Conflicting propagated mapping for mc/dhp/foss/k7a2fools/block/THLWoodWoodBlock/getLightBlock(Lnet/minecraft/world/level/block/state/BlockState;Lnet/minecraft/world/level/BlockGetter;Lnet/minecraft/core/BlockPos;)I from net/minecraft/world/level/block/state/BlockBehaviour/getLightBlock(Lnet/minecraft/world/level/block/state/BlockState;Lnet/minecraft/world/level/BlockGetter;Lnet/minecraft/core/BlockPos;)I: getLightBlock -> m_7753_
Conflicting propagated mapping for mc/dhp/foss/k7a2fools/block/THLWoodWoodBlock/createBlockStateDefinition(Lnet/minecraft/world/level/block/state/StateDefinition$Builder;)V from net/minecraft/world/level/block/Block/createBlockStateDefinition(Lnet/minecraft/world/level/block/state/StateDefinition$Builder;)V: createBlockStateDefinition -> m_7926_
Conflicting propagated mapping for mc/dhp/foss/k7a2fools/block/THLWoodStairsBlock/getExplosionResistance()F from net/minecraft/world/level/block/StairBlock/getExplosionResistance()F: getExplosionResistance -> m_7325_
Conflicting propagated mapping for mc/dhp/foss/k7a2fools/block/THLWoodPlanksBlock/getLightBlock(Lnet/minecraft/world/level/block/state/BlockState;Lnet/minecraft/world/level/BlockGetter;Lnet/minecraft/core/BlockPos;)I from net/minecraft/world/level/block/state/BlockBehaviour/getLightBlock(Lnet/minecraft/world/level/block/state/BlockState;Lnet/minecraft/world/level/BlockGetter;Lnet/minecraft/core/BlockPos;)I: getLightBlock -> m_7753_
Conflicting propagated mapping for mc/dhp/foss/k7a2fools/block/THLWoodStairsBlock/getLightBlock(Lnet/minecraft/world/level/block/state/BlockState;Lnet/minecraft/world/level/BlockGetter;Lnet/minecraft/core/BlockPos;)I from net/minecraft/world/level/block/state/BlockBehaviour/getLightBlock(Lnet/minecraft/world/level/block/state/BlockState;Lnet/minecraft/world/level/BlockGetter;Lnet/minecraft/core/BlockPos;)I: getLightBlock -> m_7753_
Conflicting propagated mapping for mc/dhp/foss/k7a2fools/item/THLDimensionItem/useOn(Lnet/minecraft/world/item/context/UseOnContext;)Lnet/minecraft/world/InteractionResult; from net/minecraft/world/item/Item/useOn(Lnet/minecraft/world/item/context/UseOnContext;)Lnet/minecraft/world/InteractionResult;: useOn -> m_6225_
Conflicting propagated mapping for mc/dhp/foss/k7a2fools/block/THLWoodStairsBlock/isRandomlyTicking(Lnet/minecraft/world/level/block/state/BlockState;)Z from net/minecraft/world/level/block/StairBlock/isRandomlyTicking(Lnet/minecraft/world/level/block/state/BlockState;)Z: isRandomlyTicking -> m_6724_
Conflicting propagated mapping for mc/dhp/foss/k7a2fools/block/THLWoodLeavesBlock/getLightBlock(Lnet/minecraft/world/level/block/state/BlockState;Lnet/minecraft/world/level/BlockGetter;Lnet/minecraft/core/BlockPos;)I from net/minecraft/world/level/block/LeavesBlock/getLightBlock(Lnet/minecraft/world/level/block/state/BlockState;Lnet/minecraft/world/level/BlockGetter;Lnet/minecraft/core/BlockPos;)I: getLightBlock -> m_7753_
Conflicting propagated mapping for net/minecraft/world/entity/LivingEntity/lambda$addAdditionalSaveData$3(Lnet/minecraft/nbt/CompoundTag;Lnet/minecraft/nbt/Tag;)V from net/minecraft/world/entity/player/Player/lambda$addAdditionalSaveData$3(Lnet/minecraft/nbt/CompoundTag;Lnet/minecraft/nbt/Tag;)V: lambda$addAdditionalSaveData$3 -> m_219754_
Conflicting propagated mapping for mc/dhp/foss/k7a2fools/block/THLDimensionPortalBlock/entityInside(Lnet/minecraft/world/level/block/state/BlockState;Lnet/minecraft/world/level/Level;Lnet/minecraft/core/BlockPos;Lnet/minecraft/world/entity/Entity;)V from net/minecraft/world/level/block/NetherPortalBlock/entityInside(Lnet/minecraft/world/level/block/state/BlockState;Lnet/minecraft/world/level/Level;Lnet/minecraft/core/BlockPos;Lnet/minecraft/world/entity/Entity;)V: entityInside -> m_7892_
Conflicting propagated mapping for mc/dhp/foss/k7a2fools/block/THLDimensionPortalBlock/animateTick(Lnet/minecraft/world/level/block/state/BlockState;Lnet/minecraft/world/level/Level;Lnet/minecraft/core/BlockPos;Lnet/minecraft/util/RandomSource;)V from net/minecraft/world/level/block/NetherPortalBlock/animateTick(Lnet/minecraft/world/level/block/state/BlockState;Lnet/minecraft/world/level/Level;Lnet/minecraft/core/BlockPos;Lnet/minecraft/util/RandomSource;)V: animateTick -> m_214162_
Conflicting propagated mapping for mc/dhp/foss/k7a2fools/block/THLMainBlockBlock/propagatesSkylightDown(Lnet/minecraft/world/level/block/state/BlockState;Lnet/minecraft/world/level/BlockGetter;Lnet/minecraft/core/BlockPos;)Z from net/minecraft/world/level/block/Block/propagatesSkylightDown(Lnet/minecraft/world/level/block/state/BlockState;Lnet/minecraft/world/level/BlockGetter;Lnet/minecraft/core/BlockPos;)Z: propagatesSkylightDown -> m_7420_
Conflicting propagated mapping for mc/dhp/foss/k7a2fools/block/THLDimensionPortalBlock/updateShape(Lnet/minecraft/world/level/block/state/BlockState;Lnet/minecraft/core/Direction;Lnet/minecraft/world/level/block/state/BlockState;Lnet/minecraft/world/level/LevelAccessor;Lnet/minecraft/core/BlockPos;Lnet/minecraft/core/BlockPos;)Lnet/minecraft/world/level/block/state/BlockState; from net/minecraft/world/level/block/NetherPortalBlock/updateShape(Lnet/minecraft/world/level/block/state/BlockState;Lnet/minecraft/core/Direction;Lnet/minecraft/world/level/block/state/BlockState;Lnet/minecraft/world/level/LevelAccessor;Lnet/minecraft/core/BlockPos;Lnet/minecraft/core/BlockPos;)Lnet/minecraft/world/level/block/state/BlockState;: updateShape -> m_7417_
Conflicting propagated mapping for mc/dhp/foss/k7a2fools/block/THLMainBlockBlock/getLightBlock(Lnet/minecraft/world/level/block/state/BlockState;Lnet/minecraft/world/level/BlockGetter;Lnet/minecraft/core/BlockPos;)I from net/minecraft/world/level/block/state/BlockBehaviour/getLightBlock(Lnet/minecraft/world/level/block/state/BlockState;Lnet/minecraft/world/level/BlockGetter;Lnet/minecraft/core/BlockPos;)I: getLightBlock -> m_7753_
Conflicting propagated mapping for mc/dhp/foss/k7a2fools/entity/MoiBaoVeEntity/getHurtSound(Lnet/minecraft/world/damagesource/DamageSource;)Lnet/minecraft/sounds/SoundEvent; from net/minecraft/world/entity/monster/Monster/getHurtSound(Lnet/minecraft/world/damagesource/DamageSource;)Lnet/minecraft/sounds/SoundEvent;: getHurtSound -> m_7975_
Conflicting propagated mapping for mc/dhp/foss/k7a2fools/block/THLDimensionPortalBlock/randomTick(Lnet/minecraft/world/level/block/state/BlockState;Lnet/minecraft/server/level/ServerLevel;Lnet/minecraft/core/BlockPos;Lnet/minecraft/util/RandomSource;)V from net/minecraft/world/level/block/NetherPortalBlock/randomTick(Lnet/minecraft/world/level/block/state/BlockState;Lnet/minecraft/server/level/ServerLevel;Lnet/minecraft/core/BlockPos;Lnet/minecraft/util/RandomSource;)V: randomTick -> m_213898_
Conflicting propagated mapping for mc/dhp/foss/k7a2fools/entity/MoiBaoVeEntity/getAddEntityPacket()Lnet/minecraft/network/protocol/Packet; from net/minecraft/world/entity/Entity/getAddEntityPacket()Lnet/minecraft/network/protocol/Packet;: getAddEntityPacket -> m_5654_
Conflicting propagated mapping for mc/dhp/foss/k7a2fools/entity/MoiBaoVeEntity/getDeathSound()Lnet/minecraft/sounds/SoundEvent; from net/minecraft/world/entity/monster/Monster/getDeathSound()Lnet/minecraft/sounds/SoundEvent;: getDeathSound -> m_5592_
Conflicting propagated mapping for mc/dhp/foss/k7a2fools/entity/MoiBaoVeEntity/dropCustomDeathLoot(Lnet/minecraft/world/damagesource/DamageSource;IZ)V from net/minecraft/world/entity/Mob/dropCustomDeathLoot(Lnet/minecraft/world/damagesource/DamageSource;IZ)V: dropCustomDeathLoot -> m_7472_
Conflicting propagated mapping for mc/dhp/foss/k7a2fools/entity/MoiBaoVeEntity/getMobType()Lnet/minecraft/world/entity/MobType; from net/minecraft/world/entity/LivingEntity/getMobType()Lnet/minecraft/world/entity/MobType;: getMobType -> m_6336_
Conflicting propagated mapping for mc/dhp/foss/k7a2fools/entity/MoiBaoVeEntity/registerGoals()V from net/minecraft/world/entity/Mob/registerGoals()V: registerGoals -> m_8099_
Conflicting propagated mapping for mc/dhp/foss/k7a2fools/entity/MoiBaoVeEntity/getMyRidingOffset()D from net/minecraft/world/entity/Entity/getMyRidingOffset()D: getMyRidingOffset -> m_6049_
Conflicting propagated mapping for mc/dhp/foss/k7a2fools/entity/TaiBaoVeEntity/getHurtSound(Lnet/minecraft/world/damagesource/DamageSource;)Lnet/minecraft/sounds/SoundEvent; from net/minecraft/world/entity/monster/Skeleton/getHurtSound(Lnet/minecraft/world/damagesource/DamageSource;)Lnet/minecraft/sounds/SoundEvent;: getHurtSound -> m_7975_
Conflicting propagated mapping for mc/dhp/foss/k7a2fools/entity/TaiBaoVeEntity/createAttributes()Lnet/minecraft/world/entity/ai/attributes/AttributeSupplier$Builder; from net/minecraft/world/entity/monster/AbstractSkeleton/createAttributes()Lnet/minecraft/world/entity/ai/attributes/AttributeSupplier$Builder;: createAttributes -> m_32166_
Conflicting propagated mapping for mc/dhp/foss/k7a2fools/entity/TaiBaoVeEntity/checkFallDamage(DZLnet/minecraft/world/level/block/state/BlockState;Lnet/minecraft/core/BlockPos;)V from net/minecraft/world/entity/LivingEntity/checkFallDamage(DZLnet/minecraft/world/level/block/state/BlockState;Lnet/minecraft/core/BlockPos;)V: checkFallDamage -> m_7840_
Conflicting propagated mapping for mc/dhp/foss/k7a2fools/entity/TaiBaoVeEntity/getAddEntityPacket()Lnet/minecraft/network/protocol/Packet; from net/minecraft/world/entity/Entity/getAddEntityPacket()Lnet/minecraft/network/protocol/Packet;: getAddEntityPacket -> m_5654_
Conflicting propagated mapping for mc/dhp/foss/k7a2fools/entity/TaiBaoVeEntity/getDeathSound()Lnet/minecraft/sounds/SoundEvent; from net/minecraft/world/entity/monster/Skeleton/getDeathSound()Lnet/minecraft/sounds/SoundEvent;: getDeathSound -> m_5592_
Conflicting propagated mapping for mc/dhp/foss/k7a2fools/entity/TaiBaoVeEntity/createNavigation(Lnet/minecraft/world/level/Level;)Lnet/minecraft/world/entity/ai/navigation/PathNavigation; from net/minecraft/world/entity/Mob/createNavigation(Lnet/minecraft/world/level/Level;)Lnet/minecraft/world/entity/ai/navigation/PathNavigation;: createNavigation -> m_6037_
Conflicting propagated mapping for mc/dhp/foss/k7a2fools/entity/TaiBaoVeEntity/ignoreExplosion()Z from net/minecraft/world/entity/Entity/ignoreExplosion()Z: ignoreExplosion -> m_6128_
Conflicting propagated mapping for mc/dhp/foss/k7a2fools/entity/TaiBaoVeEntity/dropCustomDeathLoot(Lnet/minecraft/world/damagesource/DamageSource;IZ)V from net/minecraft/world/entity/monster/Skeleton/dropCustomDeathLoot(Lnet/minecraft/world/damagesource/DamageSource;IZ)V: dropCustomDeathLoot -> m_7472_
Conflicting propagated mapping for mc/dhp/foss/k7a2fools/entity/TaiBaoVeEntity/hurt(Lnet/minecraft/world/damagesource/DamageSource;F)Z from net/minecraft/world/entity/LivingEntity/hurt(Lnet/minecraft/world/damagesource/DamageSource;F)Z: hurt -> m_6469_
Conflicting propagated mapping for mc/dhp/foss/k7a2fools/entity/TaiBaoVeEntity/aiStep()V from net/minecraft/world/entity/monster/AbstractSkeleton/aiStep()V: aiStep -> m_8107_
Conflicting propagated mapping for mc/dhp/foss/k7a2fools/entity/TaiBaoVeEntity/getMobType()Lnet/minecraft/world/entity/MobType; from net/minecraft/world/entity/monster/AbstractSkeleton/getMobType()Lnet/minecraft/world/entity/MobType;: getMobType -> m_6336_
Conflicting propagated mapping for mc/dhp/foss/k7a2fools/entity/TaiBaoVeEntity/causeFallDamage(FFLnet/minecraft/world/damagesource/DamageSource;)Z from net/minecraft/world/entity/LivingEntity/causeFallDamage(FFLnet/minecraft/world/damagesource/DamageSource;)Z: causeFallDamage -> m_142535_
Conflicting propagated mapping for mc/dhp/foss/k7a2fools/entity/TaiBaoVeEntity/setNoGravity(Z)V from net/minecraft/world/entity/Entity/setNoGravity(Z)V: setNoGravity -> m_20242_
Conflicting propagated mapping for mc/dhp/foss/k7a2fools/entity/TaiBaoVeEntity/registerGoals()V from net/minecraft/world/entity/monster/AbstractSkeleton/registerGoals()V: registerGoals -> m_8099_
Conflicting propagated mapping for mc/dhp/foss/k7a2fools/entity/TaiBaoVeEntity/getMyRidingOffset()D from net/minecraft/world/entity/monster/AbstractSkeleton/getMyRidingOffset()D: getMyRidingOffset -> m_6049_
Conflicting propagated mapping for mc/dhp/foss/k7a2fools/entity/ThanhBaoVeEntity/getHurtSound(Lnet/minecraft/world/damagesource/DamageSource;)Lnet/minecraft/sounds/SoundEvent; from net/minecraft/world/entity/monster/Monster/getHurtSound(Lnet/minecraft/world/damagesource/DamageSource;)Lnet/minecraft/sounds/SoundEvent;: getHurtSound -> m_7975_
Conflicting propagated mapping for mc/dhp/foss/k7a2fools/entity/ThanhBaoVeEntity/getAddEntityPacket()Lnet/minecraft/network/protocol/Packet; from net/minecraft/world/entity/Entity/getAddEntityPacket()Lnet/minecraft/network/protocol/Packet;: getAddEntityPacket -> m_5654_
Conflicting propagated mapping for mc/dhp/foss/k7a2fools/entity/ThanhBaoVeEntity/getDeathSound()Lnet/minecraft/sounds/SoundEvent; from net/minecraft/world/entity/monster/Monster/getDeathSound()Lnet/minecraft/sounds/SoundEvent;: getDeathSound -> m_5592_
Conflicting propagated mapping for mc/dhp/foss/k7a2fools/entity/ThanhBaoVeEntity/ignoreExplosion()Z from net/minecraft/world/entity/Entity/ignoreExplosion()Z: ignoreExplosion -> m_6128_
Conflicting propagated mapping for mc/dhp/foss/k7a2fools/entity/ThanhBaoVeEntity/dropCustomDeathLoot(Lnet/minecraft/world/damagesource/DamageSource;IZ)V from net/minecraft/world/entity/Mob/dropCustomDeathLoot(Lnet/minecraft/world/damagesource/DamageSource;IZ)V: dropCustomDeathLoot -> m_7472_
Conflicting propagated mapping for mc/dhp/foss/k7a2fools/entity/ThanhBaoVeEntity/hurt(Lnet/minecraft/world/damagesource/DamageSource;F)Z from net/minecraft/world/entity/LivingEntity/hurt(Lnet/minecraft/world/damagesource/DamageSource;F)Z: hurt -> m_6469_
Conflicting propagated mapping for mc/dhp/foss/k7a2fools/entity/ThanhBaoVeEntity/getMobType()Lnet/minecraft/world/entity/MobType; from net/minecraft/world/entity/LivingEntity/getMobType()Lnet/minecraft/world/entity/MobType;: getMobType -> m_6336_
Conflicting propagated mapping for mc/dhp/foss/k7a2fools/entity/ThanhBaoVeEntity/registerGoals()V from net/minecraft/world/entity/Mob/registerGoals()V: registerGoals -> m_8099_
Conflicting propagated mapping for mc/dhp/foss/k7a2fools/entity/ThanhBaoVeEntity/getMyRidingOffset()D from net/minecraft/world/entity/Entity/getMyRidingOffset()D: getMyRidingOffset -> m_6049_
Conflicting propagated mapping for mc/dhp/foss/k7a2fools/entity/ThanhBaoVeEntity/fireImmune()Z from net/minecraft/world/entity/Entity/fireImmune()Z: fireImmune -> m_5825_
Conflicting propagated mapping for mc/dhp/foss/k7a2fools/entity/NganBaoVeEntity/getHurtSound(Lnet/minecraft/world/damagesource/DamageSource;)Lnet/minecraft/sounds/SoundEvent; from net/minecraft/world/entity/monster/Monster/getHurtSound(Lnet/minecraft/world/damagesource/DamageSource;)Lnet/minecraft/sounds/SoundEvent;: getHurtSound -> m_7975_
Conflicting propagated mapping for mc/dhp/foss/k7a2fools/entity/NganBaoVeEntity/checkFallDamage(DZLnet/minecraft/world/level/block/state/BlockState;Lnet/minecraft/core/BlockPos;)V from net/minecraft/world/entity/LivingEntity/checkFallDamage(DZLnet/minecraft/world/level/block/state/BlockState;Lnet/minecraft/core/BlockPos;)V: checkFallDamage -> m_7840_
Conflicting propagated mapping for mc/dhp/foss/k7a2fools/entity/NganBaoVeEntity/getAddEntityPacket()Lnet/minecraft/network/protocol/Packet; from net/minecraft/world/entity/Entity/getAddEntityPacket()Lnet/minecraft/network/protocol/Packet;: getAddEntityPacket -> m_5654_
Conflicting propagated mapping for mc/dhp/foss/k7a2fools/entity/NganBaoVeEntity/getDeathSound()Lnet/minecraft/sounds/SoundEvent; from net/minecraft/world/entity/monster/Monster/getDeathSound()Lnet/minecraft/sounds/SoundEvent;: getDeathSound -> m_5592_
Conflicting propagated mapping for mc/dhp/foss/k7a2fools/entity/NganBaoVeEntity/createNavigation(Lnet/minecraft/world/level/Level;)Lnet/minecraft/world/entity/ai/navigation/PathNavigation; from net/minecraft/world/entity/Mob/createNavigation(Lnet/minecraft/world/level/Level;)Lnet/minecraft/world/entity/ai/navigation/PathNavigation;: createNavigation -> m_6037_
Conflicting propagated mapping for mc/dhp/foss/k7a2fools/entity/NganBaoVeEntity/ignoreExplosion()Z from net/minecraft/world/entity/Entity/ignoreExplosion()Z: ignoreExplosion -> m_6128_
Conflicting propagated mapping for mc/dhp/foss/k7a2fools/entity/NganBaoVeEntity/dropCustomDeathLoot(Lnet/minecraft/world/damagesource/DamageSource;IZ)V from net/minecraft/world/entity/Mob/dropCustomDeathLoot(Lnet/minecraft/world/damagesource/DamageSource;IZ)V: dropCustomDeathLoot -> m_7472_
Conflicting propagated mapping for mc/dhp/foss/k7a2fools/entity/NganBaoVeEntity/hurt(Lnet/minecraft/world/damagesource/DamageSource;F)Z from net/minecraft/world/entity/LivingEntity/hurt(Lnet/minecraft/world/damagesource/DamageSource;F)Z: hurt -> m_6469_
Conflicting propagated mapping for mc/dhp/foss/k7a2fools/entity/NganBaoVeEntity/aiStep()V from net/minecraft/world/entity/monster/Monster/aiStep()V: aiStep -> m_8107_
Conflicting propagated mapping for mc/dhp/foss/k7a2fools/entity/NganBaoVeEntity/getMobType()Lnet/minecraft/world/entity/MobType; from net/minecraft/world/entity/LivingEntity/getMobType()Lnet/minecraft/world/entity/MobType;: getMobType -> m_6336_
Conflicting propagated mapping for mc/dhp/foss/k7a2fools/entity/NganBaoVeEntity/causeFallDamage(FFLnet/minecraft/world/damagesource/DamageSource;)Z from net/minecraft/world/entity/LivingEntity/causeFallDamage(FFLnet/minecraft/world/damagesource/DamageSource;)Z: causeFallDamage -> m_142535_
Conflicting propagated mapping for mc/dhp/foss/k7a2fools/entity/NganBaoVeEntity/setNoGravity(Z)V from net/minecraft/world/entity/Entity/setNoGravity(Z)V: setNoGravity -> m_20242_
Conflicting propagated mapping for mc/dhp/foss/k7a2fools/entity/NganBaoVeEntity/registerGoals()V from net/minecraft/world/entity/Mob/registerGoals()V: registerGoals -> m_8099_
Conflicting propagated mapping for mc/dhp/foss/k7a2fools/entity/NganBaoVeEntity/getMyRidingOffset()D from net/minecraft/world/entity/Entity/getMyRidingOffset()D: getMyRidingOffset -> m_6049_
Conflicting propagated mapping for mc/dhp/foss/k7a2fools/entity/NganBaoVeEntity/fireImmune()Z from net/minecraft/world/entity/Entity/fireImmune()Z: fireImmune -> m_5825_
Conflicting propagated mapping for mc/dhp/foss/k7a2fools/item/THLPickaxeItem$1/getUses()I from net/minecraft/world/item/Tier/getUses()I: getUses -> m_6609_
Conflicting propagated mapping for mc/dhp/foss/k7a2fools/item/THLPickaxeItem$1/getSpeed()F from net/minecraft/world/item/Tier/getSpeed()F: getSpeed -> m_6624_
Conflicting propagated mapping for mc/dhp/foss/k7a2fools/item/THLPickaxeItem$1/getRepairIngredient()Lnet/minecraft/world/item/crafting/Ingredient; from net/minecraft/world/item/Tier/getRepairIngredient()Lnet/minecraft/world/item/crafting/Ingredient;: getRepairIngredient -> m_6282_
Conflicting propagated mapping for mc/dhp/foss/k7a2fools/item/THLPickaxeItem$1/getEnchantmentValue()I from net/minecraft/world/item/Tier/getEnchantmentValue()I: getEnchantmentValue -> m_6601_
Conflicting propagated mapping for mc/dhp/foss/k7a2fools/item/THLPickaxeItem$1/getLevel()I from net/minecraft/world/item/Tier/getLevel()I: getLevel -> m_6604_
Conflicting propagated mapping for mc/dhp/foss/k7a2fools/item/THLPickaxeItem$1/getAttackDamageBonus()F from net/minecraft/world/item/Tier/getAttackDamageBonus()F: getAttackDamageBonus -> m_6631_
Conflicting propagated mapping for mc/dhp/foss/k7a2fools/item/THLAxeItem$1/getUses()I from net/minecraft/world/item/Tier/getUses()I: getUses -> m_6609_
Conflicting propagated mapping for mc/dhp/foss/k7a2fools/item/THLAxeItem$1/getSpeed()F from net/minecraft/world/item/Tier/getSpeed()F: getSpeed -> m_6624_
Conflicting propagated mapping for mc/dhp/foss/k7a2fools/item/THLAxeItem$1/getRepairIngredient()Lnet/minecraft/world/item/crafting/Ingredient; from net/minecraft/world/item/Tier/getRepairIngredient()Lnet/minecraft/world/item/crafting/Ingredient;: getRepairIngredient -> m_6282_
Conflicting propagated mapping for mc/dhp/foss/k7a2fools/item/THLAxeItem$1/getEnchantmentValue()I from net/minecraft/world/item/Tier/getEnchantmentValue()I: getEnchantmentValue -> m_6601_
Conflicting propagated mapping for mc/dhp/foss/k7a2fools/item/THLAxeItem$1/getLevel()I from net/minecraft/world/item/Tier/getLevel()I: getLevel -> m_6604_
Conflicting propagated mapping for mc/dhp/foss/k7a2fools/item/THLAxeItem$1/getAttackDamageBonus()F from net/minecraft/world/item/Tier/getAttackDamageBonus()F: getAttackDamageBonus -> m_6631_
Conflicting propagated mapping for mc/dhp/foss/k7a2fools/entity/BossTHLEntity/getHurtSound(Lnet/minecraft/world/damagesource/DamageSource;)Lnet/minecraft/sounds/SoundEvent; from net/minecraft/world/entity/animal/Pig/getHurtSound(Lnet/minecraft/world/damagesource/DamageSource;)Lnet/minecraft/sounds/SoundEvent;: getHurtSound -> m_7975_
Conflicting propagated mapping for mc/dhp/foss/k7a2fools/entity/BossTHLEntity/stopSeenByPlayer(Lnet/minecraft/server/level/ServerPlayer;)V from net/minecraft/world/entity/Entity/stopSeenByPlayer(Lnet/minecraft/server/level/ServerPlayer;)V: stopSeenByPlayer -> m_6452_
Conflicting propagated mapping for mc/dhp/foss/k7a2fools/item/THLShovelItem$1/getUses()I from net/minecraft/world/item/Tier/getUses()I: getUses -> m_6609_
Conflicting propagated mapping for mc/dhp/foss/k7a2fools/item/THLShovelItem$1/getSpeed()F from net/minecraft/world/item/Tier/getSpeed()F: getSpeed -> m_6624_
Conflicting propagated mapping for mc/dhp/foss/k7a2fools/item/THLShovelItem$1/getRepairIngredient()Lnet/minecraft/world/item/crafting/Ingredient; from net/minecraft/world/item/Tier/getRepairIngredient()Lnet/minecraft/world/item/crafting/Ingredient;: getRepairIngredient -> m_6282_
Conflicting propagated mapping for mc/dhp/foss/k7a2fools/item/THLShovelItem$1/getEnchantmentValue()I from net/minecraft/world/item/Tier/getEnchantmentValue()I: getEnchantmentValue -> m_6601_
Conflicting propagated mapping for mc/dhp/foss/k7a2fools/item/THLShovelItem$1/getLevel()I from net/minecraft/world/item/Tier/getLevel()I: getLevel -> m_6604_
Conflicting propagated mapping for mc/dhp/foss/k7a2fools/item/THLShovelItem$1/getAttackDamageBonus()F from net/minecraft/world/item/Tier/getAttackDamageBonus()F: getAttackDamageBonus -> m_6631_
Conflicting propagated mapping for mc/dhp/foss/k7a2fools/item/THLHoeItem$1/getUses()I from net/minecraft/world/item/Tier/getUses()I: getUses -> m_6609_
Conflicting propagated mapping for mc/dhp/foss/k7a2fools/item/THLHoeItem$1/getSpeed()F from net/minecraft/world/item/Tier/getSpeed()F: getSpeed -> m_6624_
Conflicting propagated mapping for mc/dhp/foss/k7a2fools/item/THLHoeItem$1/getRepairIngredient()Lnet/minecraft/world/item/crafting/Ingredient; from net/minecraft/world/item/Tier/getRepairIngredient()Lnet/minecraft/world/item/crafting/Ingredient;: getRepairIngredient -> m_6282_
Conflicting propagated mapping for mc/dhp/foss/k7a2fools/item/THLHoeItem$1/getEnchantmentValue()I from net/minecraft/world/item/Tier/getEnchantmentValue()I: getEnchantmentValue -> m_6601_
Conflicting propagated mapping for mc/dhp/foss/k7a2fools/item/THLHoeItem$1/getLevel()I from net/minecraft/world/item/Tier/getLevel()I: getLevel -> m_6604_
Conflicting propagated mapping for mc/dhp/foss/k7a2fools/item/THLHoeItem$1/getAttackDamageBonus()F from net/minecraft/world/item/Tier/getAttackDamageBonus()F: getAttackDamageBonus -> m_6631_
Conflicting propagated mapping for mc/dhp/foss/k7a2fools/item/THLSwordItem$1/getUses()I from net/minecraft/world/item/Tier/getUses()I: getUses -> m_6609_
Conflicting propagated mapping for mc/dhp/foss/k7a2fools/item/THLSwordItem$1/getSpeed()F from net/minecraft/world/item/Tier/getSpeed()F: getSpeed -> m_6624_
Conflicting propagated mapping for mc/dhp/foss/k7a2fools/item/THLSwordItem$1/getRepairIngredient()Lnet/minecraft/world/item/crafting/Ingredient; from net/minecraft/world/item/Tier/getRepairIngredient()Lnet/minecraft/world/item/crafting/Ingredient;: getRepairIngredient -> m_6282_
Conflicting propagated mapping for mc/dhp/foss/k7a2fools/item/THLSwordItem$1/getEnchantmentValue()I from net/minecraft/world/item/Tier/getEnchantmentValue()I: getEnchantmentValue -> m_6601_
Conflicting propagated mapping for mc/dhp/foss/k7a2fools/item/THLSwordItem$1/getLevel()I from net/minecraft/world/item/Tier/getLevel()I: getLevel -> m_6604_
Conflicting propagated mapping for mc/dhp/foss/k7a2fools/item/THLSwordItem$1/getAttackDamageBonus()F from net/minecraft/world/item/Tier/getAttackDamageBonus()F: getAttackDamageBonus -> m_6631_
Conflicting propagated mapping for mc/dhp/foss/k7a2fools/entity/BossTHLEntity/customServerAiStep()V from net/minecraft/world/entity/animal/Animal/customServerAiStep()V: customServerAiStep -> m_8024_
Conflicting propagated mapping for mc/dhp/foss/k7a2fools/item/THLArmorItem$1/getRepairIngredient()Lnet/minecraft/world/item/crafting/Ingredient; from net/minecraft/world/item/ArmorMaterial/getRepairIngredient()Lnet/minecraft/world/item/crafting/Ingredient;: getRepairIngredient -> m_6230_
Conflicting propagated mapping for mc/dhp/foss/k7a2fools/item/THLArmorItem$1/getEnchantmentValue()I from net/minecraft/world/item/ArmorMaterial/getEnchantmentValue()I: getEnchantmentValue -> m_6646_
Conflicting propagated mapping for mc/dhp/foss/k7a2fools/entity/BossTHLEntity/createAttributes()Lnet/minecraft/world/entity/ai/attributes/AttributeSupplier$Builder; from net/minecraft/world/entity/animal/Pig/createAttributes()Lnet/minecraft/world/entity/ai/attributes/AttributeSupplier$Builder;: createAttributes -> m_29503_
Conflicting propagated mapping for mc/dhp/foss/k7a2fools/item/THLArmorItem$1/getKnockbackResistance()F from net/minecraft/world/item/ArmorMaterial/getKnockbackResistance()F: getKnockbackResistance -> m_6649_
Conflicting propagated mapping for mc/dhp/foss/k7a2fools/item/THLArmorItem$1/getToughness()F from net/minecraft/world/item/ArmorMaterial/getToughness()F: getToughness -> m_6651_
Conflicting propagated mapping for mc/dhp/foss/k7a2fools/item/THLArmorItem$1/getName()Ljava/lang/String; from net/minecraft/world/item/ArmorMaterial/getName()Ljava/lang/String;: getName -> m_6082_
Conflicting propagated mapping for mc/dhp/foss/k7a2fools/item/THLArmorItem$1/getDefenseForType(Lnet/minecraft/world/item/ArmorItem$Type;)I from net/minecraft/world/item/ArmorMaterial/getDefenseForType(Lnet/minecraft/world/item/ArmorItem$Type;)I: getDefenseForType -> m_7366_
Conflicting propagated mapping for mc/dhp/foss/k7a2fools/item/THLArmorItem$1/getEquipSound()Lnet/minecraft/sounds/SoundEvent; from net/minecraft/world/item/ArmorMaterial/getEquipSound()Lnet/minecraft/sounds/SoundEvent;: getEquipSound -> m_7344_
Conflicting propagated mapping for mc/dhp/foss/k7a2fools/entity/BossTHLEntity/getAddEntityPacket()Lnet/minecraft/network/protocol/Packet; from net/minecraft/world/entity/Entity/getAddEntityPacket()Lnet/minecraft/network/protocol/Packet;: getAddEntityPacket -> m_5654_
Conflicting propagated mapping for mc/dhp/foss/k7a2fools/item/THLArmorItem$1/getDurabilityForType(Lnet/minecraft/world/item/ArmorItem$Type;)I from net/minecraft/world/item/ArmorMaterial/getDurabilityForType(Lnet/minecraft/world/item/ArmorItem$Type;)I: getDurabilityForType -> m_266425_
Conflicting propagated mapping for mc/dhp/foss/k7a2fools/entity/BossTHLEntity/getDeathSound()Lnet/minecraft/sounds/SoundEvent; from net/minecraft/world/entity/animal/Pig/getDeathSound()Lnet/minecraft/sounds/SoundEvent;: getDeathSound -> m_5592_
Conflicting propagated mapping for mc/dhp/foss/k7a2fools/entity/BossTHLEntity/dropCustomDeathLoot(Lnet/minecraft/world/damagesource/DamageSource;IZ)V from net/minecraft/world/entity/Mob/dropCustomDeathLoot(Lnet/minecraft/world/damagesource/DamageSource;IZ)V: dropCustomDeathLoot -> m_7472_
Conflicting propagated mapping for mc/dhp/foss/k7a2fools/entity/BossTHLEntity/hurt(Lnet/minecraft/world/damagesource/DamageSource;F)Z from net/minecraft/world/entity/animal/Animal/hurt(Lnet/minecraft/world/damagesource/DamageSource;F)Z: hurt -> m_6469_
Conflicting propagated mapping for mc/dhp/foss/k7a2fools/entity/BossTHLEntity/getMobType()Lnet/minecraft/world/entity/MobType; from net/minecraft/world/entity/LivingEntity/getMobType()Lnet/minecraft/world/entity/MobType;: getMobType -> m_6336_
Conflicting propagated mapping for mc/dhp/foss/k7a2fools/entity/BossTHLEntity/startSeenByPlayer(Lnet/minecraft/server/level/ServerPlayer;)V from net/minecraft/world/entity/Entity/startSeenByPlayer(Lnet/minecraft/server/level/ServerPlayer;)V: startSeenByPlayer -> m_6457_
Conflicting propagated mapping for mc/dhp/foss/k7a2fools/entity/BossTHLEntity/canChangeDimensions()Z from net/minecraft/world/entity/LivingEntity/canChangeDimensions()Z: canChangeDimensions -> m_6072_
Conflicting propagated mapping for mc/dhp/foss/k7a2fools/entity/BossTHLEntity/registerGoals()V from net/minecraft/world/entity/animal/Pig/registerGoals()V: registerGoals -> m_8099_
Conflicting propagated mapping for mc/dhp/foss/k7a2fools/entity/BossTHLEntity/removeWhenFarAway(D)Z from net/minecraft/world/entity/animal/Animal/removeWhenFarAway(D)Z: removeWhenFarAway -> m_6785_
Conflicting propagated mapping for mc/dhp/foss/k7a2fools/entity/BossTHLEntity/getMyRidingOffset()D from net/minecraft/world/entity/animal/Animal/getMyRidingOffset()D: getMyRidingOffset -> m_6049_
Conflicting propagated mapping for mc/dhp/foss/k7a2fools/item/HammerItem$1/getUses()I from net/minecraft/world/item/Tier/getUses()I: getUses -> m_6609_
Conflicting propagated mapping for mc/dhp/foss/k7a2fools/item/HammerItem$1/getSpeed()F from net/minecraft/world/item/Tier/getSpeed()F: getSpeed -> m_6624_
Conflicting propagated mapping for mc/dhp/foss/k7a2fools/item/HammerItem$1/getRepairIngredient()Lnet/minecraft/world/item/crafting/Ingredient; from net/minecraft/world/item/Tier/getRepairIngredient()Lnet/minecraft/world/item/crafting/Ingredient;: getRepairIngredient -> m_6282_
Conflicting propagated mapping for mc/dhp/foss/k7a2fools/item/HammerItem$1/getEnchantmentValue()I from net/minecraft/world/item/Tier/getEnchantmentValue()I: getEnchantmentValue -> m_6601_
Conflicting propagated mapping for mc/dhp/foss/k7a2fools/item/HammerItem$1/getLevel()I from net/minecraft/world/item/Tier/getLevel()I: getLevel -> m_6604_
Conflicting propagated mapping for mc/dhp/foss/k7a2fools/item/HammerItem$1/getAttackDamageBonus()F from net/minecraft/world/item/Tier/getAttackDamageBonus()F: getAttackDamageBonus -> m_6631_
Conflicting propagated mapping for mc/dhp/foss/k7a2fools/world/features/treedecorators/THLNormalBiomeFruitDecorator/type()Lnet/minecraft/world/level/levelgen/feature/treedecorators/TreeDecoratorType; from net/minecraft/world/level/levelgen/feature/treedecorators/CocoaDecorator/type()Lnet/minecraft/world/level/levelgen/feature/treedecorators/TreeDecoratorType;: type -> m_6663_
Conflicting propagated mapping for mc/dhp/foss/k7a2fools/world/features/treedecorators/THLNormalBiomeFruitDecorator/place(Lnet/minecraft/world/level/levelgen/feature/treedecorators/TreeDecorator$Context;)V from net/minecraft/world/level/levelgen/feature/treedecorators/CocoaDecorator/place(Lnet/minecraft/world/level/levelgen/feature/treedecorators/TreeDecorator$Context;)V: place -> m_214187_
Conflicting propagated mapping for mc/dhp/foss/k7a2fools/world/features/treedecorators/THLNormalBiomeFruitDecorator/lambda$place$2(Lnet/minecraft/util/RandomSource;Lnet/minecraft/world/level/levelgen/feature/treedecorators/TreeDecorator$Context;Lnet/minecraft/core/BlockPos;)V from net/minecraft/world/level/levelgen/feature/treedecorators/CocoaDecorator/lambda$place$2(Lnet/minecraft/util/RandomSource;Lnet/minecraft/world/level/levelgen/feature/treedecorators/TreeDecorator$Context;Lnet/minecraft/core/BlockPos;)V: lambda$place$2 -> m_226023_
Conflicting propagated mapping for mc/dhp/foss/k7a2fools/world/features/treedecorators/THLNormalBiomeFruitDecorator/lambda$place$1(ILnet/minecraft/core/BlockPos;)Z from net/minecraft/world/level/levelgen/feature/treedecorators/CocoaDecorator/lambda$place$1(ILnet/minecraft/core/BlockPos;)Z: lambda$place$1 -> m_69978_
Conflicting propagated mapping for mc/dhp/foss/k7a2fools/procedures/CasioRightclickedProcedure$1/createMenu(ILnet/minecraft/world/entity/player/Inventory;Lnet/minecraft/world/entity/player/Player;)Lnet/minecraft/world/inventory/AbstractContainerMenu; from net/minecraft/world/inventory/MenuConstructor/createMenu(ILnet/minecraft/world/entity/player/Inventory;Lnet/minecraft/world/entity/player/Player;)Lnet/minecraft/world/inventory/AbstractContainerMenu;: createMenu -> m_7208_
Conflicting propagated mapping for mc/dhp/foss/k7a2fools/procedures/CasioRightclickedProcedure$1/getDisplayName()Lnet/minecraft/network/chat/Component; from net/minecraft/world/MenuProvider/getDisplayName()Lnet/minecraft/network/chat/Component;: getDisplayName -> m_5446_
Conflicting propagated mapping for mc/dhp/foss/k7a2fools/entity/MoiBaoVeEntity$1/getAttackReachSqr(Lnet/minecraft/world/entity/LivingEntity;)D from net/minecraft/world/entity/ai/goal/MeleeAttackGoal/getAttackReachSqr(Lnet/minecraft/world/entity/LivingEntity;)D: getAttackReachSqr -> m_6639_
Conflicting propagated mapping for mc/dhp/foss/k7a2fools/entity/TaiBaoVeEntity$1/getAttackReachSqr(Lnet/minecraft/world/entity/LivingEntity;)D from net/minecraft/world/entity/ai/goal/MeleeAttackGoal/getAttackReachSqr(Lnet/minecraft/world/entity/LivingEntity;)D: getAttackReachSqr -> m_6639_
Conflicting propagated mapping for mc/dhp/foss/k7a2fools/entity/ThanhBaoVeEntity$1/getAttackReachSqr(Lnet/minecraft/world/entity/LivingEntity;)D from net/minecraft/world/entity/ai/goal/MeleeAttackGoal/getAttackReachSqr(Lnet/minecraft/world/entity/LivingEntity;)D: getAttackReachSqr -> m_6639_
Conflicting propagated mapping for mc/dhp/foss/k7a2fools/entity/NganBaoVeEntity$1/canUse()Z from net/minecraft/world/entity/ai/goal/Goal/canUse()Z: canUse -> m_8036_
Conflicting propagated mapping for mc/dhp/foss/k7a2fools/entity/NganBaoVeEntity$1/tick()V from net/minecraft/world/entity/ai/goal/Goal/tick()V: tick -> m_8037_
Conflicting propagated mapping for mc/dhp/foss/k7a2fools/entity/NganBaoVeEntity$1/start()V from net/minecraft/world/entity/ai/goal/Goal/start()V: start -> m_8056_
Conflicting propagated mapping for mc/dhp/foss/k7a2fools/entity/NganBaoVeEntity$1/canContinueToUse()Z from net/minecraft/world/entity/ai/goal/Goal/canContinueToUse()Z: canContinueToUse -> m_8045_
Conflicting propagated mapping for mc/dhp/foss/k7a2fools/entity/NganBaoVeEntity$2/getPosition()Lnet/minecraft/world/phys/Vec3; from net/minecraft/world/entity/ai/goal/RandomStrollGoal/getPosition()Lnet/minecraft/world/phys/Vec3;: getPosition -> m_7037_
Conflicting propagated mapping for mc/dhp/foss/k7a2fools/entity/NganBaoVeEntity$3/getAttackReachSqr(Lnet/minecraft/world/entity/LivingEntity;)D from net/minecraft/world/entity/ai/goal/MeleeAttackGoal/getAttackReachSqr(Lnet/minecraft/world/entity/LivingEntity;)D: getAttackReachSqr -> m_6639_
Adding extras
Sorting
Writing Output: /mnt/DATA/MCreatorWorkspaces/k7a2fools/build/libs/modid-1.0.jar
  META-INF/
  META-INF/MANIFEST.MF
  META-INF/accesstransformer.cfg
  META-INF/mods.toml
  assets/
  assets/k7a2_fools/
  assets/k7a2_fools/blockstates/
  assets/k7a2_fools/blockstates/thl_aggressive_block.json
  assets/k7a2_fools/blockstates/thl_dim_main_block.json
  assets/k7a2_fools/blockstates/thl_dimension_portal.json
  assets/k7a2_fools/blockstates/thl_fluid.json
  assets/k7a2_fools/blockstates/thl_ore_block.json
  assets/k7a2_fools/blockstates/thl_portal_block.json
  assets/k7a2_fools/blockstates/thl_wood_button.json
  assets/k7a2_fools/blockstates/thl_wood_fence.json
  assets/k7a2_fools/blockstates/thl_wood_fence_gate.json
  assets/k7a2_fools/blockstates/thl_wood_leaves.json
  assets/k7a2_fools/blockstates/thl_wood_log.json
  assets/k7a2_fools/blockstates/thl_wood_planks.json
  assets/k7a2_fools/blockstates/thl_wood_pressure_plate.json
  assets/k7a2_fools/blockstates/thl_wood_slab.json
  assets/k7a2_fools/blockstates/thl_wood_stairs.json
  assets/k7a2_fools/blockstates/thl_wood_wood.json
  assets/k7a2_fools/lang/
  assets/k7a2_fools/lang/en_us.json
  assets/k7a2_fools/models/
  assets/k7a2_fools/models/block/
  assets/k7a2_fools/models/block/thl_aggressive_block.json
  assets/k7a2_fools/models/block/thl_dim_main_block.json
  assets/k7a2_fools/models/block/thl_dimension_portal_ew.json
  assets/k7a2_fools/models/block/thl_dimension_portal_ns.json
  assets/k7a2_fools/models/block/thl_fluid.json
  assets/k7a2_fools/models/block/thl_ore_block.json
  assets/k7a2_fools/models/block/thl_portal_block.json
  assets/k7a2_fools/models/block/thl_wood_button.json
  assets/k7a2_fools/models/block/thl_wood_button_inventory.json
  assets/k7a2_fools/models/block/thl_wood_button_pressed.json
  assets/k7a2_fools/models/block/thl_wood_fence.json
  assets/k7a2_fools/models/block/thl_wood_fence_gate.json
  assets/k7a2_fools/models/block/thl_wood_fence_gate_open.json
  assets/k7a2_fools/models/block/thl_wood_fence_gate_wall.json
  assets/k7a2_fools/models/block/thl_wood_fence_gate_wall_open.json
  assets/k7a2_fools/models/block/thl_wood_fence_inventory.json
  assets/k7a2_fools/models/block/thl_wood_fence_post.json
  assets/k7a2_fools/models/block/thl_wood_leaves.json
  assets/k7a2_fools/models/block/thl_wood_log.json
  assets/k7a2_fools/models/block/thl_wood_planks.json
  assets/k7a2_fools/models/block/thl_wood_pressure_plate.json
  assets/k7a2_fools/models/block/thl_wood_pressure_plate_down.json
  assets/k7a2_fools/models/block/thl_wood_slab.json
  assets/k7a2_fools/models/block/thl_wood_slab_full.json
  assets/k7a2_fools/models/block/thl_wood_slab_top.json
  assets/k7a2_fools/models/block/thl_wood_stairs.json
  assets/k7a2_fools/models/block/thl_wood_stairs_inner.json
  assets/k7a2_fools/models/block/thl_wood_stairs_outer.json
  assets/k7a2_fools/models/block/thl_wood_wood.json
  assets/k7a2_fools/models/item/
  assets/k7a2_fools/models/item/boss_thl_spawn_egg.json
  assets/k7a2_fools/models/item/casio.json
  assets/k7a2_fools/models/item/hammer.json
  assets/k7a2_fools/models/item/ke_theo_duoi_anh_sang.json
  assets/k7a2_fools/models/item/moi_bao_ve_spawn_egg.json
  assets/k7a2_fools/models/item/ngan_bao_ve_spawn_egg.json
  assets/k7a2_fools/models/item/nhu_anh_da_thay_em.json
  assets/k7a2_fools/models/item/sai_gon_hom_nay_mua.json
  assets/k7a2_fools/models/item/sao_anh_chua_ve_nha.json
  assets/k7a2_fools/models/item/tai_bao_ve_spawn_egg.json
  assets/k7a2_fools/models/item/thanh_bao_ve_spawn_egg.json
  assets/k7a2_fools/models/item/thl_aggressive_block.json
  assets/k7a2_fools/models/item/thl_armor_boots.json
  assets/k7a2_fools/models/item/thl_armor_chestplate.json
  assets/k7a2_fools/models/item/thl_armor_helmet.json
  assets/k7a2_fools/models/item/thl_armor_leggings.json
  assets/k7a2_fools/models/item/thl_axe.json
  assets/k7a2_fools/models/item/thl_dim_main_block.json
  assets/k7a2_fools/models/item/thl_dimension.json
  assets/k7a2_fools/models/item/thl_fluid_bucket.json
  assets/k7a2_fools/models/item/thl_hoe.json
  assets/k7a2_fools/models/item/thl_ore_block.json
  assets/k7a2_fools/models/item/thl_ore_dust.json
  assets/k7a2_fools/models/item/thl_pickaxe.json
  assets/k7a2_fools/models/item/thl_portal_block.json
  assets/k7a2_fools/models/item/thl_shovel.json
  assets/k7a2_fools/models/item/thl_sword.json
  assets/k7a2_fools/models/item/thl_wood_button.json
  assets/k7a2_fools/models/item/thl_wood_fence.json
  assets/k7a2_fools/models/item/thl_wood_fence_gate.json
  assets/k7a2_fools/models/item/thl_wood_leaves.json
  assets/k7a2_fools/models/item/thl_wood_log.json
  assets/k7a2_fools/models/item/thl_wood_planks.json
  assets/k7a2_fools/models/item/thl_wood_pressure_plate.json
  assets/k7a2_fools/models/item/thl_wood_slab.json
  assets/k7a2_fools/models/item/thl_wood_stairs.json
  assets/k7a2_fools/models/item/thl_wood_wood.json
  assets/k7a2_fools/models/item/xe_dap_lach_cach.json
  assets/k7a2_fools/models/item/yeu_don_phuong_la_gi.json
  assets/k7a2_fools/sounds.json
  assets/k7a2_fools/sounds/
  assets/k7a2_fools/sounds/y2mate.com_-_nhu_anh_da_thay_em_cttde2_phucxp_ft_freak_d.ogg
  assets/k7a2_fools/sounds/y2mate.com_-_sai_gon_hom_nay_mua_jsol_x_hoang_duyen_official_mv.ogg
  assets/k7a2_fools/sounds/y2mate.com_-_sao_anh_chua_ve_nha_feat_ricky_star.ogg
  assets/k7a2_fools/sounds/y2mate.com_-_xe_dap_lach_cach_toi_van_chua_quen_duong_toi_cho_em_ve_buitruonglinh_lyric_video.ogg.ogg
  assets/k7a2_fools/sounds/yt1s.com_-_ke_theo_duoi_anh_sang_lofi_ver_huy_vac_x_tien_nguyen_x_freak_d.ogg
  assets/k7a2_fools/sounds/yt1s.com_-_yeu_don_phuong_la_gi_la_ngoc_chang_dam_noi_ra_yeu_don_phuong_la_gi_lofi_h0n_x_bui_chill.ogg.ogg
  assets/k7a2_fools/textures/
  assets/k7a2_fools/textures/block/
  assets/k7a2_fools/textures/block/1cdd2fe0d9e09d886acb186e0facfc20.png
  assets/k7a2_fools/textures/block/b0931868d81346b68f5964f0c393b2fe.png
  assets/k7a2_fools/textures/block/cute-anime-uptxxcxl4h2zoe9r.png
  assets/k7a2_fools/textures/block/thl_wood_leaves.png
  assets/k7a2_fools/textures/block/thl_wood_log_side.png
  assets/k7a2_fools/textures/block/thl_wood_log_top.png
  assets/k7a2_fools/textures/block/thl_wood_planks.png
  assets/k7a2_fools/textures/block/thlore_ore.png
  assets/k7a2_fools/textures/block/thlore_ore_block.png
  assets/k7a2_fools/textures/dev.png
  assets/k7a2_fools/textures/entities/
  assets/k7a2_fools/textures/entities/boss.png
  assets/k7a2_fools/textures/entities/moibaove.png
  assets/k7a2_fools/textures/entities/nganbaove.png
  assets/k7a2_fools/textures/entities/taibaove.png
  assets/k7a2_fools/textures/entities/thanhbaove.png
  assets/k7a2_fools/textures/item/
  assets/k7a2_fools/textures/item/461678775_1079027850603603_3579012283436720875_n.png
  assets/k7a2_fools/textures/item/batlua.png
  assets/k7a2_fools/textures/item/calc-fotor-bg-remover-2024100313241-removebg-preview.png
  assets/k7a2_fools/textures/item/hammer-removebg-preview.png
  assets/k7a2_fools/textures/item/ketheoduoianhsang.png
  assets/k7a2_fools/textures/item/nhuanhdathayem.png
  assets/k7a2_fools/textures/item/sai-gon-hom-nay-mua-tung-tang-1024x576-3067191310.png
  assets/k7a2_fools/textures/item/saoanhchuavenha.png
  assets/k7a2_fools/textures/item/thl_axe.png
  assets/k7a2_fools/textures/item/thl_body.png
  assets/k7a2_fools/textures/item/thl_boots.png
  assets/k7a2_fools/textures/item/thl_head.png
  assets/k7a2_fools/textures/item/thl_hoe.png
  assets/k7a2_fools/textures/item/thl_leggings.png
  assets/k7a2_fools/textures/item/thl_pickaxe.png
  assets/k7a2_fools/textures/item/thl_shovel.png
  assets/k7a2_fools/textures/item/thl_sword.png
  assets/k7a2_fools/textures/item/thlore_dust.png
  assets/k7a2_fools/textures/item/vuongmien.png
  assets/k7a2_fools/textures/item/xedaplachcach.png
  assets/k7a2_fools/textures/item/yeudonphuonglaj.png
  assets/k7a2_fools/textures/models/
  assets/k7a2_fools/textures/models/armor/
  assets/k7a2_fools/textures/models/armor/thl_layer_1.png
  assets/k7a2_fools/textures/models/armor/thl_layer_2.png
  assets/k7a2_fools/textures/painting/
  assets/k7a2_fools/textures/painting/dev.png
  assets/k7a2_fools/textures/painting/sitting.png
  assets/k7a2_fools/textures/screens/
  assets/k7a2_fools/textures/screens/casio_teleport_gui.png
  assets/k7a2_fools/textures/screens/dev.png
  assets/k7a2_fools/textures/screenshot_2024-05-20_153533.png
  assets/minecraft/
  assets/minecraft/texts/
  assets/minecraft/texts/splashes.txt
  assets/minecraft/textures/
  assets/minecraft/textures/entity/
  assets/minecraft/textures/entity/trident.png
  assets/minecraft/textures/gui/
  assets/minecraft/textures/gui/title/
  assets/minecraft/textures/gui/title/background/
  assets/minecraft/textures/gui/title/background/panorama_0.png
  assets/minecraft/textures/gui/title/background/panorama_1.png
  assets/minecraft/textures/gui/title/background/panorama_2.png
  assets/minecraft/textures/gui/title/background/panorama_3.png
  assets/minecraft/textures/gui/title/background/panorama_4.png
  assets/minecraft/textures/gui/title/background/panorama_5.png
  assets/minecraft/textures/item/
  assets/minecraft/textures/item/trident.png
  data/
  data/k7a2_fools/
  data/k7a2_fools/advancements/
  data/k7a2_fools/advancements/cover_me_in_thl.json
  data/k7a2_fools/advancements/designed_by_ton.json
  data/k7a2_fools/advancements/good_bye_good_luck.json
  data/k7a2_fools/advancements/halloween_and_april_fools.json
  data/k7a2_fools/advancements/new_ores.json
  data/k7a2_fools/advancements/omg_it_so_fast.json
  data/k7a2_fools/advancements/ouch_the_boss.json
  data/k7a2_fools/advancements/recipes/
  data/k7a2_fools/advancements/recipes/casio_recipe.json
  data/k7a2_fools/advancements/recipes/hammer_recipe.json
  data/k7a2_fools/advancements/recipes/thl_armor_boots_recipe.json
  data/k7a2_fools/advancements/recipes/thl_armor_leggings_recipe.json
  data/k7a2_fools/advancements/recipes/thl_axe_recipe.json
  data/k7a2_fools/advancements/recipes/thl_hoe_recipe.json
  data/k7a2_fools/advancements/recipes/thl_ore_block_ore_recipe.json
  data/k7a2_fools/advancements/recipes/thl_ore_ore_block_recipe.json
  data/k7a2_fools/advancements/recipes/thl_pickaxe_recipe.json
  data/k7a2_fools/advancements/recipes/thl_shovel_recipe.json
  data/k7a2_fools/advancements/recipes/thl_sword_recipe.json
  data/k7a2_fools/advancements/recipes/thl_wood_button_recipe.json
  data/k7a2_fools/advancements/recipes/thl_wood_fence_gate_recipe.json
  data/k7a2_fools/advancements/recipes/thl_wood_fence_recipe.json
  data/k7a2_fools/advancements/recipes/thl_wood_planks_recipe.json
  data/k7a2_fools/advancements/recipes/thl_wood_pressure_plate_recipe.json
  data/k7a2_fools/advancements/recipes/thl_wood_slab_recipe.json
  data/k7a2_fools/advancements/recipes/thl_wood_stairs_recipe.json
  data/k7a2_fools/advancements/recipes/thl_wood_wood_recipe.json
  data/k7a2_fools/advancements/teleporter.json
  data/k7a2_fools/dimension/
  data/k7a2_fools/dimension/thl_dimension.json
  data/k7a2_fools/dimension_type/
  data/k7a2_fools/dimension_type/thl_dimension.json
  data/k7a2_fools/loot_tables/
  data/k7a2_fools/loot_tables/blocks/
  data/k7a2_fools/loot_tables/blocks/thl_aggressive_block.json
  data/k7a2_fools/loot_tables/blocks/thl_dim_main_block.json
  data/k7a2_fools/loot_tables/blocks/thl_ore_block.json
  data/k7a2_fools/loot_tables/blocks/thl_portal_block.json
  data/k7a2_fools/loot_tables/blocks/thl_wood_button.json
  data/k7a2_fools/loot_tables/blocks/thl_wood_fence.json
  data/k7a2_fools/loot_tables/blocks/thl_wood_fence_gate.json
  data/k7a2_fools/loot_tables/blocks/thl_wood_leaves.json
  data/k7a2_fools/loot_tables/blocks/thl_wood_log.json
  data/k7a2_fools/loot_tables/blocks/thl_wood_planks.json
  data/k7a2_fools/loot_tables/blocks/thl_wood_pressure_plate.json
  data/k7a2_fools/loot_tables/blocks/thl_wood_slab.json
  data/k7a2_fools/loot_tables/blocks/thl_wood_stairs.json
  data/k7a2_fools/loot_tables/blocks/thl_wood_wood.json
  data/k7a2_fools/loot_tables/chests/
  data/k7a2_fools/loot_tables/chests/castle_chest.json
  data/k7a2_fools/loot_tables/chests/thl_portal_chest.json
  data/k7a2_fools/recipes/
  data/k7a2_fools/recipes/casio_recipe.json
  data/k7a2_fools/recipes/hammer_recipe.json
  data/k7a2_fools/recipes/thl_armor_boots_recipe.json
  data/k7a2_fools/recipes/thl_armor_leggings_recipe.json
  data/k7a2_fools/recipes/thl_axe_recipe.json
  data/k7a2_fools/recipes/thl_hoe_recipe.json
  data/k7a2_fools/recipes/thl_ore_block_ore_recipe.json
  data/k7a2_fools/recipes/thl_ore_ore_block_recipe.json
  data/k7a2_fools/recipes/thl_pickaxe_recipe.json
  data/k7a2_fools/recipes/thl_shovel_recipe.json
  data/k7a2_fools/recipes/thl_sword_recipe.json
  data/k7a2_fools/recipes/thl_wood_button_recipe.json
  data/k7a2_fools/recipes/thl_wood_fence_gate_recipe.json
  data/k7a2_fools/recipes/thl_wood_fence_recipe.json
  data/k7a2_fools/recipes/thl_wood_planks_recipe.json
  data/k7a2_fools/recipes/thl_wood_pressure_plate_recipe.json
  data/k7a2_fools/recipes/thl_wood_slab_recipe.json
  data/k7a2_fools/recipes/thl_wood_stairs_recipe.json
  data/k7a2_fools/recipes/thl_wood_wood_recipe.json
  data/k7a2_fools/structures/
  data/k7a2_fools/structures/a.nbt
  data/k7a2_fools/structures/c4.nbt
  data/k7a2_fools/structures/c5.nbt
  data/k7a2_fools/tags/
  data/k7a2_fools/tags/blocks/
  data/k7a2_fools/tags/blocks/thl_wood_logs.json
  data/k7a2_fools/tags/items/
  data/k7a2_fools/tags/items/thl_wood_logs.json
  data/k7a2_fools/worldgen/
  data/k7a2_fools/worldgen/biome/
  data/k7a2_fools/worldgen/biome/thl_angry_biome.json
  data/k7a2_fools/worldgen/biome/thl_normal_biome.json
  data/k7a2_fools/worldgen/configured_feature/
  data/k7a2_fools/worldgen/configured_feature/thl_normal_biome_tree.json
  data/k7a2_fools/worldgen/placed_feature/
  data/k7a2_fools/worldgen/placed_feature/thl_normal_biome_tree.json
  data/k7a2_fools/worldgen/structure/
  data/k7a2_fools/worldgen/structure/castle.json
  data/k7a2_fools/worldgen/structure/thl_portal.json
  data/k7a2_fools/worldgen/structure_set/
  data/k7a2_fools/worldgen/structure_set/castle.json
  data/k7a2_fools/worldgen/structure_set/thl_portal.json
  data/k7a2_fools/worldgen/template_pool/
  data/k7a2_fools/worldgen/template_pool/castle.json
  data/k7a2_fools/worldgen/template_pool/thl_portal.json
  data/minecraft/
  data/minecraft/tags/
  data/minecraft/tags/blocks/
  data/minecraft/tags/blocks/leaves.json
  data/minecraft/tags/blocks/logs_that_burn.json
  data/minecraft/tags/blocks/mineable/
  data/minecraft/tags/blocks/mineable/axe.json
  data/minecraft/tags/blocks/mineable/hoe.json
  data/minecraft/tags/blocks/mineable/pickaxe.json
  data/minecraft/tags/blocks/needs_diamond_tool.json
  data/minecraft/tags/blocks/needs_iron_tool.json
  data/minecraft/tags/blocks/overworld_carver_replaceables.json
  data/minecraft/tags/blocks/planks.json
  data/minecraft/tags/blocks/replaceable.json
  data/minecraft/tags/blocks/slabs.json
  data/minecraft/tags/blocks/stairs.json
  data/minecraft/tags/blocks/wooden_fences.json
  data/minecraft/tags/items/
  data/minecraft/tags/items/axes.json
  data/minecraft/tags/items/hoes.json
  data/minecraft/tags/items/logs_that_burn.json
  data/minecraft/tags/items/music_discs.json
  data/minecraft/tags/items/pickaxes.json
  data/minecraft/tags/items/planks.json
  data/minecraft/tags/items/shovels.json
  data/minecraft/tags/items/swords.json
  data/minecraft/tags/painting_variant/
  data/minecraft/tags/painting_variant/placeable.json
  data/minecraft/tags/worldgen/
  data/minecraft/tags/worldgen/biome/
  data/minecraft/tags/worldgen/biome/has_structure/
  data/minecraft/tags/worldgen/biome/has_structure/bastion_remnant.json
  data/minecraft/tags/worldgen/biome/has_structure/buried_treasure.json
  data/minecraft/tags/worldgen/biome/has_structure/end_city.json
  data/minecraft/tags/worldgen/biome/has_structure/nether_fossil.json
  data/minecraft/tags/worldgen/biome/has_structure/ocean_ruin_cold.json
  data/minecraft/tags/worldgen/biome/has_structure/ruined_portal_ocean.json
  data/minecraft/tags/worldgen/biome/has_structure/shipwreck_beached.json
  logo.png
  mc/
  mc/dhp/
  mc/dhp/foss/
  mc/dhp/foss/k7a2fools/
  mc/dhp/foss/k7a2fools/K7a2FoolsMod.class
  mc/dhp/foss/k7a2fools/block/
  mc/dhp/foss/k7a2fools/block/THLAgressiveBlockBlock.class
  mc/dhp/foss/k7a2fools/block/THLDimensionPortalBlock.class
  mc/dhp/foss/k7a2fools/block/THLFluidBlock.class
  mc/dhp/foss/k7a2fools/block/THLMainBlockBlock.class
  mc/dhp/foss/k7a2fools/block/THLOreBlockBlock.class
  mc/dhp/foss/k7a2fools/block/THLPortalBlockBlock.class
  mc/dhp/foss/k7a2fools/block/THLWoodButtonBlock.class
  mc/dhp/foss/k7a2fools/block/THLWoodFenceBlock.class
  mc/dhp/foss/k7a2fools/block/THLWoodFenceGateBlock.class
  mc/dhp/foss/k7a2fools/block/THLWoodLeavesBlock.class
  mc/dhp/foss/k7a2fools/block/THLWoodLogBlock.class
  mc/dhp/foss/k7a2fools/block/THLWoodPlanksBlock.class
  mc/dhp/foss/k7a2fools/block/THLWoodPressurePlateBlock.class
  mc/dhp/foss/k7a2fools/block/THLWoodSlabBlock.class
  mc/dhp/foss/k7a2fools/block/THLWoodStairsBlock.class
  mc/dhp/foss/k7a2fools/block/THLWoodWoodBlock.class
  mc/dhp/foss/k7a2fools/client/
  mc/dhp/foss/k7a2fools/client/gui/
  mc/dhp/foss/k7a2fools/client/gui/CasioTeleportGUIScreen.class
  mc/dhp/foss/k7a2fools/client/renderer/
  mc/dhp/foss/k7a2fools/client/renderer/BossTHLRenderer.class
  mc/dhp/foss/k7a2fools/client/renderer/MoiBaoVeRenderer.class
  mc/dhp/foss/k7a2fools/client/renderer/NganBaoVeRenderer.class
  mc/dhp/foss/k7a2fools/client/renderer/TaiBaoVeRenderer.class
  mc/dhp/foss/k7a2fools/client/renderer/ThanhBaoVeRenderer.class
  mc/dhp/foss/k7a2fools/entity/
  mc/dhp/foss/k7a2fools/entity/BossTHLEntity.class
  mc/dhp/foss/k7a2fools/entity/MoiBaoVeEntity$1.class
  mc/dhp/foss/k7a2fools/entity/MoiBaoVeEntity.class
  mc/dhp/foss/k7a2fools/entity/NganBaoVeEntity$1.class
  mc/dhp/foss/k7a2fools/entity/NganBaoVeEntity$2.class
  mc/dhp/foss/k7a2fools/entity/NganBaoVeEntity$3.class
  mc/dhp/foss/k7a2fools/entity/NganBaoVeEntity.class
  mc/dhp/foss/k7a2fools/entity/TaiBaoVeEntity$1.class
  mc/dhp/foss/k7a2fools/entity/TaiBaoVeEntity.class
  mc/dhp/foss/k7a2fools/entity/ThanhBaoVeEntity$1.class
  mc/dhp/foss/k7a2fools/entity/ThanhBaoVeEntity.class
  mc/dhp/foss/k7a2fools/fluid/
  mc/dhp/foss/k7a2fools/fluid/THLFluidFluid$Flowing.class
  mc/dhp/foss/k7a2fools/fluid/THLFluidFluid$Source.class
  mc/dhp/foss/k7a2fools/fluid/THLFluidFluid.class
  mc/dhp/foss/k7a2fools/fluid/types/
  mc/dhp/foss/k7a2fools/fluid/types/THLFluidFluidType$1.class
  mc/dhp/foss/k7a2fools/fluid/types/THLFluidFluidType.class
  mc/dhp/foss/k7a2fools/init/
  mc/dhp/foss/k7a2fools/init/K7a2FoolsModBiomes.class
  mc/dhp/foss/k7a2fools/init/K7a2FoolsModBlocks.class
  mc/dhp/foss/k7a2fools/init/K7a2FoolsModEntities.class
  mc/dhp/foss/k7a2fools/init/K7a2FoolsModEntityRenderers.class
  mc/dhp/foss/k7a2fools/init/K7a2FoolsModFluidTypes.class
  mc/dhp/foss/k7a2fools/init/K7a2FoolsModFluids$FluidsClientSideHandler.class
  mc/dhp/foss/k7a2fools/init/K7a2FoolsModFluids.class
  mc/dhp/foss/k7a2fools/init/K7a2FoolsModItems.class
  mc/dhp/foss/k7a2fools/init/K7a2FoolsModMenus$MenuAccessor.class
  mc/dhp/foss/k7a2fools/init/K7a2FoolsModMenus.class
  mc/dhp/foss/k7a2fools/init/K7a2FoolsModPaintings.class
  mc/dhp/foss/k7a2fools/init/K7a2FoolsModScreens$ScreenAccessor.class
  mc/dhp/foss/k7a2fools/init/K7a2FoolsModScreens.class
  mc/dhp/foss/k7a2fools/init/K7a2FoolsModSounds.class
  mc/dhp/foss/k7a2fools/init/K7a2FoolsModTabs.class
  mc/dhp/foss/k7a2fools/item/
  mc/dhp/foss/k7a2fools/item/CasioItem.class
  mc/dhp/foss/k7a2fools/item/HammerItem$1.class
  mc/dhp/foss/k7a2fools/item/HammerItem.class
  mc/dhp/foss/k7a2fools/item/KetheoduoianhsangItem.class
  mc/dhp/foss/k7a2fools/item/NhuAnhDaThayEmItem.class
  mc/dhp/foss/k7a2fools/item/SaiGonHomNayMuaItem.class
  mc/dhp/foss/k7a2fools/item/SaoAnhChuaVeNhaItem.class
  mc/dhp/foss/k7a2fools/item/THLArmorItem$1.class
  mc/dhp/foss/k7a2fools/item/THLArmorItem$Boots.class
  mc/dhp/foss/k7a2fools/item/THLArmorItem$Chestplate.class
  mc/dhp/foss/k7a2fools/item/THLArmorItem$Helmet.class
  mc/dhp/foss/k7a2fools/item/THLArmorItem$Leggings.class
  mc/dhp/foss/k7a2fools/item/THLArmorItem.class
  mc/dhp/foss/k7a2fools/item/THLAxeItem$1.class
  mc/dhp/foss/k7a2fools/item/THLAxeItem.class
  mc/dhp/foss/k7a2fools/item/THLDimensionItem.class
  mc/dhp/foss/k7a2fools/item/THLFluidItem.class
  mc/dhp/foss/k7a2fools/item/THLHoeItem$1.class
  mc/dhp/foss/k7a2fools/item/THLHoeItem.class
  mc/dhp/foss/k7a2fools/item/THLOreDustItem.class
  mc/dhp/foss/k7a2fools/item/THLPickaxeItem$1.class
  mc/dhp/foss/k7a2fools/item/THLPickaxeItem.class
  mc/dhp/foss/k7a2fools/item/THLShovelItem$1.class
  mc/dhp/foss/k7a2fools/item/THLShovelItem.class
  mc/dhp/foss/k7a2fools/item/THLSwordItem$1.class
  mc/dhp/foss/k7a2fools/item/THLSwordItem.class
  mc/dhp/foss/k7a2fools/item/XeDapLachCachItem.class
  mc/dhp/foss/k7a2fools/item/YeuDonPhuongLaGiItem.class
  mc/dhp/foss/k7a2fools/network/
  mc/dhp/foss/k7a2fools/network/CasioTeleportGUIButtonMessage.class
  mc/dhp/foss/k7a2fools/network/MenuStateUpdateMessage.class
  mc/dhp/foss/k7a2fools/procedures/
  mc/dhp/foss/k7a2fools/procedures/BossTHLEntityIsHurtProcedure.class
  mc/dhp/foss/k7a2fools/procedures/CasioRightclickedProcedure$1.class
  mc/dhp/foss/k7a2fools/procedures/CasioRightclickedProcedure.class
  mc/dhp/foss/k7a2fools/procedures/CasioTeleportFuncProcedure$1.class
  mc/dhp/foss/k7a2fools/procedures/CasioTeleportFuncProcedure$2.class
  mc/dhp/foss/k7a2fools/procedures/CasioTeleportFuncProcedure$3.class
  mc/dhp/foss/k7a2fools/procedures/CasioTeleportFuncProcedure$4.class
  mc/dhp/foss/k7a2fools/procedures/CasioTeleportFuncProcedure$5.class
  mc/dhp/foss/k7a2fools/procedures/CasioTeleportFuncProcedure$6.class
  mc/dhp/foss/k7a2fools/procedures/CasioTeleportFuncProcedure.class
  mc/dhp/foss/k7a2fools/procedures/HammerBlockDestroyedWithToolProcedure.class
  mc/dhp/foss/k7a2fools/world/
  mc/dhp/foss/k7a2fools/world/features/
  mc/dhp/foss/k7a2fools/world/features/treedecorators/
  mc/dhp/foss/k7a2fools/world/features/treedecorators/THLNormalBiomeFruitDecorator$1.class
  mc/dhp/foss/k7a2fools/world/features/treedecorators/THLNormalBiomeFruitDecorator.class
  mc/dhp/foss/k7a2fools/world/inventory/
  mc/dhp/foss/k7a2fools/world/inventory/CasioTeleportGUIMenu$1.class
  mc/dhp/foss/k7a2fools/world/inventory/CasioTeleportGUIMenu.class
  mc/dhp/foss/k7a2fools/world/teleporter/
  mc/dhp/foss/k7a2fools/world/teleporter/THLDimensionPortalShape.class
  mc/dhp/foss/k7a2fools/world/teleporter/THLDimensionTeleporter.class
  pack.mcmeta
